[2025-09-30 00:00:47] INFO  com.cyberfoot.adapters.web.MatchController - [PLAY] POST /match/8ec50e4b-5ba5-4253-a52c-602fcfac35f9/simulate recibido. Body: {teamId=club10, starters=[Jugador 1 Equipo 10, Jugador 2 Equipo 10, Jugador 4 Equipo 10, Jugador 3 Equipo 10, Jugador 5 Equipo 10, Jugador 6 Equipo 10, Jugador 7 Equipo 10]}
[2025-09-30 00:00:47] INFO  com.cyberfoot.adapters.web.MatchController - [PLAY] POST /match/936e0327-08f5-438d-be74-558e640c169b/simulate recibido. Body: {teamId=club8, starters=[Jugador 1 Equipo 10, Jugador 2 Equipo 10, Jugador 4 Equipo 10, Jugador 3 Equipo 10, Jugador 5 Equipo 10, Jugador 6 Equipo 10, Jugador 7 Equipo 10]}
[2025-09-30 00:00:47] INFO  com.cyberfoot.adapters.web.MatchController - [PLAY] POST /match/1c5da22f-e702-4698-9743-72ac22bd4f33/simulate recibido. Body: {teamId=club1, starters=[Jugador 1 Equipo 10, Jugador 2 Equipo 10, Jugador 4 Equipo 10, Jugador 3 Equipo 10, Jugador 5 Equipo 10, Jugador 6 Equipo 10, Jugador 7 Equipo 10]}
[2025-09-30 00:00:47] INFO  com.cyberfoot.adapters.web.MatchController - [PLAY] POST /match/92215fbd-2d7f-422e-8a80-2bcf56d5e0a4/simulate recibido. Body: {teamId=club2, starters=[Jugador 1 Equipo 10, Jugador 2 Equipo 10, Jugador 4 Equipo 10, Jugador 3 Equipo 10, Jugador 5 Equipo 10, Jugador 6 Equipo 10, Jugador 7 Equipo 10]}
[2025-09-30 00:00:47] INFO  com.cyberfoot.adapters.web.MatchController - [PLAY] POST /match/fd6a8e4b-29ff-4714-99f4-b7816e19dee7/simulate recibido. Body: {teamId=club4, starters=[Jugador 1 Equipo 10, Jugador 2 Equipo 10, Jugador 4 Equipo 10, Jugador 3 Equipo 10, Jugador 5 Equipo 10, Jugador 6 Equipo 10, Jugador 7 Equipo 10]}
[2025-09-30 00:00:47] INFO  com.cyberfoot.adapters.web.MatchController - [PLAY] Simulación solicitada para fixtureId: 1c5da22f-e702-4698-9743-72ac22bd4f33
[2025-09-30 00:00:47] INFO  com.cyberfoot.adapters.web.MatchController - [PLAY] Simulación solicitada para fixtureId: fd6a8e4b-29ff-4714-99f4-b7816e19dee7
[2025-09-30 00:00:47] INFO  com.cyberfoot.adapters.web.MatchController - [PLAY] Suscripción SSE iniciada para fixtureId: 1c5da22f-e702-4698-9743-72ac22bd4f33
[2025-09-30 00:00:47] INFO  com.cyberfoot.adapters.web.MatchController - [PLAY] Suscripción SSE iniciada para fixtureId: fd6a8e4b-29ff-4714-99f4-b7816e19dee7
[2025-09-30 00:00:47] INFO  com.cyberfoot.adapters.web.MatchController - [PLAY] Simulación solicitada para fixtureId: 936e0327-08f5-438d-be74-558e640c169b
[2025-09-30 00:00:47] INFO  com.cyberfoot.adapters.web.MatchController - [PLAY] Simulación solicitada para fixtureId: 92215fbd-2d7f-422e-8a80-2bcf56d5e0a4
[2025-09-30 00:00:47] INFO  com.cyberfoot.adapters.web.MatchController - [PLAY] Suscripción SSE iniciada para fixtureId: 936e0327-08f5-438d-be74-558e640c169b
[2025-09-30 00:00:47] INFO  com.cyberfoot.adapters.web.MatchController - [PLAY] Simulación solicitada para fixtureId: 8ec50e4b-5ba5-4253-a52c-602fcfac35f9
[2025-09-30 00:00:47] INFO  com.cyberfoot.adapters.web.MatchController - [PLAY] Suscripción SSE iniciada para fixtureId: 92215fbd-2d7f-422e-8a80-2bcf56d5e0a4
[2025-09-30 00:00:47] INFO  com.cyberfoot.adapters.web.MatchController - [PLAY] Suscripción SSE iniciada para fixtureId: 8ec50e4b-5ba5-4253-a52c-602fcfac35f9
[2025-09-30 00:00:47] INFO  com.cyberfoot.adapters.web.MatchController - [PLAY] Evento SSE: MatchEvent[seq=1, minute=1, type=TICK, goalsHome=0, goalsAway=0, message=Minuto 1]
[2025-09-30 00:00:47] INFO  com.cyberfoot.adapters.web.MatchController - [PLAY] Evento SSE: MatchEvent[seq=1, minute=1, type=TICK, goalsHome=0, goalsAway=0, message=Minuto 1]
[2025-09-30 00:00:47] INFO  com.cyberfoot.adapters.web.MatchController - [PLAY] Evento SSE: MatchEvent[seq=1, minute=1, type=TICK, goalsHome=0, goalsAway=0, message=Minuto 1]
[2025-09-30 00:00:47] INFO  com.cyberfoot.adapters.web.MatchController - [PLAY] Evento SSE: MatchEvent[seq=1, minute=1, type=TICK, goalsHome=0, goalsAway=0, message=Minuto 1]
[2025-09-30 00:00:47] INFO  com.cyberfoot.adapters.web.MatchController - [PLAY] Evento SSE: MatchEvent[seq=1, minute=1, type=TICK, goalsHome=0, goalsAway=0, message=Minuto 1]
[2025-09-30 00:00:47] INFO  com.cyberfoot.adapters.web.MatchController - [PLAY] Evento SSE: MatchEvent[seq=2, minute=2, type=TICK, goalsHome=0, goalsAway=0, message=Minuto 2]
[2025-09-30 00:00:47] INFO  com.cyberfoot.adapters.web.MatchController - [PLAY] Evento SSE: MatchEvent[seq=2, minute=2, type=TICK, goalsHome=0, goalsAway=0, message=Minuto 2]
[2025-09-30 00:00:47] INFO  com.cyberfoot.adapters.web.MatchController - [PLAY] Evento SSE: MatchEvent[seq=2, minute=2, type=TICK, goalsHome=0, goalsAway=0, message=Minuto 2]
[2025-09-30 00:00:47] INFO  com.cyberfoot.adapters.web.MatchController - [PLAY] Evento SSE: MatchEvent[seq=2, minute=2, type=TICK, goalsHome=0, goalsAway=0, message=Minuto 2]
[2025-09-30 00:00:47] INFO  com.cyberfoot.adapters.web.MatchController - [PLAY] Evento SSE: MatchEvent[seq=2, minute=2, type=TICK, goalsHome=0, goalsAway=0, message=Minuto 2]
[2025-09-30 00:00:47] INFO  com.cyberfoot.adapters.web.MatchController - [PLAY] Evento SSE: MatchEvent[seq=3, minute=3, type=TICK, goalsHome=0, goalsAway=0, message=Minuto 3]
[2025-09-30 00:00:47] INFO  com.cyberfoot.adapters.web.MatchController - [PLAY] Evento SSE: MatchEvent[seq=3, minute=3, type=TICK, goalsHome=0, goalsAway=0, message=Minuto 3]
[2025-09-30 00:00:47] INFO  com.cyberfoot.adapters.web.MatchController - [PLAY] Evento SSE: MatchEvent[seq=3, minute=3, type=TICK, goalsHome=0, goalsAway=0, message=Minuto 3]
[2025-09-30 00:00:47] INFO  com.cyberfoot.adapters.web.MatchController - [PLAY] Evento SSE: MatchEvent[seq=3, minute=3, type=TICK, goalsHome=0, goalsAway=0, message=Minuto 3]
[2025-09-30 00:00:47] INFO  com.cyberfoot.adapters.web.MatchController - [PLAY] Evento SSE: MatchEvent[seq=3, minute=3, type=TICK, goalsHome=0, goalsAway=0, message=Minuto 3]
[2025-09-30 00:00:47] INFO  com.cyberfoot.adapters.web.MatchController - [PLAY] Evento SSE: MatchEvent[seq=4, minute=4, type=TICK, goalsHome=0, goalsAway=0, message=Minuto 4]
[2025-09-30 00:00:47] INFO  com.cyberfoot.adapters.web.MatchController - [PLAY] Evento SSE: MatchEvent[seq=4, minute=4, type=TICK, goalsHome=0, goalsAway=0, message=Minuto 4]
[2025-09-30 00:00:47] INFO  com.cyberfoot.adapters.web.MatchController - [PLAY] Evento SSE: MatchEvent[seq=4, minute=4, type=TICK, goalsHome=0, goalsAway=0, message=Minuto 4]
[2025-09-30 00:00:47] INFO  com.cyberfoot.adapters.web.MatchController - [PLAY] Evento SSE: MatchEvent[seq=4, minute=4, type=TICK, goalsHome=0, goalsAway=0, message=Minuto 4]
[2025-09-30 00:00:47] INFO  com.cyberfoot.adapters.web.MatchController - [PLAY] Evento SSE: MatchEvent[seq=4, minute=4, type=TICK, goalsHome=0, goalsAway=0, message=Minuto 4]
[2025-09-30 00:00:47] INFO  com.cyberfoot.adapters.web.MatchController - [PLAY] Evento SSE: MatchEvent[seq=5, minute=5, type=TICK, goalsHome=0, goalsAway=0, message=Minuto 5]
[2025-09-30 00:00:47] INFO  com.cyberfoot.adapters.web.MatchController - [PLAY] Evento SSE: MatchEvent[seq=5, minute=5, type=TICK, goalsHome=0, goalsAway=0, message=Minuto 5]
[2025-09-30 00:00:47] INFO  com.cyberfoot.adapters.web.MatchController - [PLAY] Evento SSE: MatchEvent[seq=5, minute=5, type=TICK, goalsHome=0, goalsAway=0, message=Minuto 5]
[2025-09-30 00:00:47] INFO  com.cyberfoot.adapters.web.MatchController - [PLAY] Evento SSE: MatchEvent[seq=5, minute=5, type=TICK, goalsHome=0, goalsAway=0, message=Minuto 5]
[2025-09-30 00:00:47] INFO  com.cyberfoot.adapters.web.MatchController - [PLAY] Evento SSE: MatchEvent[seq=5, minute=5, type=TICK, goalsHome=0, goalsAway=0, message=Minuto 5]
[2025-09-30 00:00:47] INFO  com.cyberfoot.adapters.web.MatchController - [PLAY] Evento SSE: MatchEvent[seq=6, minute=6, type=TICK, goalsHome=0, goalsAway=0, message=Minuto 6]
[2025-09-30 00:00:47] INFO  com.cyberfoot.adapters.web.MatchController - [PLAY] Evento SSE: MatchEvent[seq=6, minute=6, type=TICK, goalsHome=0, goalsAway=0, message=Minuto 6]
[2025-09-30 00:00:47] INFO  com.cyberfoot.adapters.web.MatchController - [PLAY] Evento SSE: MatchEvent[seq=6, minute=6, type=TICK, goalsHome=0, goalsAway=0, message=Minuto 6]
[2025-09-30 00:00:47] INFO  com.cyberfoot.adapters.web.MatchController - [PLAY] Evento SSE: MatchEvent[seq=6, minute=6, type=TICK, goalsHome=0, goalsAway=0, message=Minuto 6]
[2025-09-30 00:00:47] INFO  com.cyberfoot.adapters.web.MatchController - [PLAY] Evento SSE: MatchEvent[seq=6, minute=6, type=TICK, goalsHome=0, goalsAway=0, message=Minuto 6]
[2025-09-30 00:00:47] INFO  com.cyberfoot.adapters.web.MatchController - [PLAY] Evento SSE: MatchEvent[seq=7, minute=7, type=TICK, goalsHome=0, goalsAway=0, message=Minuto 7]
[2025-09-30 00:00:47] INFO  com.cyberfoot.adapters.web.MatchController - [PLAY] Evento SSE: MatchEvent[seq=7, minute=7, type=TICK, goalsHome=0, goalsAway=0, message=Minuto 7]
[2025-09-30 00:00:47] INFO  com.cyberfoot.adapters.web.MatchController - [PLAY] Evento SSE: MatchEvent[seq=7, minute=7, type=TICK, goalsHome=0, goalsAway=0, message=Minuto 7]
[2025-09-30 00:00:47] INFO  com.cyberfoot.adapters.web.MatchController - [PLAY] Evento SSE: MatchEvent[seq=7, minute=7, type=TICK, goalsHome=0, goalsAway=0, message=Minuto 7]
[2025-09-30 00:00:47] INFO  com.cyberfoot.adapters.web.MatchController - [PLAY] Evento SSE: MatchEvent[seq=7, minute=7, type=TICK, goalsHome=0, goalsAway=0, message=Minuto 7]
[2025-09-30 00:00:47] INFO  com.cyberfoot.adapters.web.MatchController - [PLAY] Evento SSE: MatchEvent[seq=8, minute=8, type=TICK, goalsHome=0, goalsAway=0, message=Minuto 8]
[2025-09-30 00:00:47] INFO  com.cyberfoot.adapters.web.MatchController - [PLAY] Evento SSE: MatchEvent[seq=8, minute=8, type=GOAL, goalsHome=0, goalsAway=1, message=Gol visitante! 0-1]
[2025-09-30 00:00:47] INFO  com.cyberfoot.adapters.web.MatchController - [PLAY] Evento SSE: MatchEvent[seq=8, minute=8, type=TICK, goalsHome=0, goalsAway=0, message=Minuto 8]
[2025-09-30 00:00:47] INFO  com.cyberfoot.adapters.web.MatchController - [PLAY] Evento SSE: MatchEvent[seq=8, minute=8, type=TICK, goalsHome=0, goalsAway=0, message=Minuto 8]
[2025-09-30 00:00:47] INFO  com.cyberfoot.adapters.web.MatchController - [PLAY] Evento SSE: MatchEvent[seq=8, minute=8, type=TICK, goalsHome=0, goalsAway=0, message=Minuto 8]
[2025-09-30 00:00:47] INFO  com.cyberfoot.adapters.web.MatchController - [PLAY] Evento SSE: MatchEvent[seq=9, minute=9, type=TICK, goalsHome=0, goalsAway=0, message=Minuto 9]
[2025-09-30 00:00:47] INFO  com.cyberfoot.adapters.web.MatchController - [PLAY] Evento SSE: MatchEvent[seq=9, minute=9, type=TICK, goalsHome=0, goalsAway=0, message=Minuto 9]
[2025-09-30 00:00:47] INFO  com.cyberfoot.adapters.web.MatchController - [PLAY] Evento SSE: MatchEvent[seq=9, minute=9, type=TICK, goalsHome=0, goalsAway=0, message=Minuto 9]
[2025-09-30 00:00:47] INFO  com.cyberfoot.adapters.web.MatchController - [PLAY] Evento SSE: MatchEvent[seq=9, minute=9, type=TICK, goalsHome=0, goalsAway=0, message=Minuto 9]
[2025-09-30 00:00:47] INFO  com.cyberfoot.adapters.web.MatchController - [PLAY] Evento SSE: MatchEvent[seq=9, minute=9, type=TICK, goalsHome=0, goalsAway=1, message=Minuto 9]
[2025-09-30 00:00:48] INFO  com.cyberfoot.adapters.web.MatchController - [PLAY] Evento SSE: MatchEvent[seq=10, minute=10, type=TICK, goalsHome=0, goalsAway=0, message=Minuto 10]
[2025-09-30 00:00:48] INFO  com.cyberfoot.adapters.web.MatchController - [PLAY] Evento SSE: MatchEvent[seq=10, minute=10, type=TICK, goalsHome=0, goalsAway=0, message=Minuto 10]
[2025-09-30 00:00:48] INFO  com.cyberfoot.adapters.web.MatchController - [PLAY] Evento SSE: MatchEvent[seq=10, minute=10, type=TICK, goalsHome=0, goalsAway=0, message=Minuto 10]
[2025-09-30 00:00:48] INFO  com.cyberfoot.adapters.web.MatchController - [PLAY] Evento SSE: MatchEvent[seq=10, minute=10, type=TICK, goalsHome=0, goalsAway=1, message=Minuto 10]
[2025-09-30 00:00:48] INFO  com.cyberfoot.adapters.web.MatchController - [PLAY] Evento SSE: MatchEvent[seq=10, minute=10, type=TICK, goalsHome=0, goalsAway=0, message=Minuto 10]
[2025-09-30 00:00:48] INFO  com.cyberfoot.adapters.web.MatchController - [PLAY] Evento SSE: MatchEvent[seq=11, minute=11, type=TICK, goalsHome=0, goalsAway=0, message=Minuto 11]
[2025-09-30 00:00:48] INFO  com.cyberfoot.adapters.web.MatchController - [PLAY] Evento SSE: MatchEvent[seq=11, minute=11, type=TICK, goalsHome=0, goalsAway=1, message=Minuto 11]
[2025-09-30 00:00:48] INFO  com.cyberfoot.adapters.web.MatchController - [PLAY] Evento SSE: MatchEvent[seq=11, minute=11, type=TICK, goalsHome=0, goalsAway=0, message=Minuto 11]
[2025-09-30 00:00:48] INFO  com.cyberfoot.adapters.web.MatchController - [PLAY] Evento SSE: MatchEvent[seq=11, minute=11, type=TICK, goalsHome=0, goalsAway=0, message=Minuto 11]
[2025-09-30 00:00:48] INFO  com.cyberfoot.adapters.web.MatchController - [PLAY] Evento SSE: MatchEvent[seq=11, minute=11, type=TICK, goalsHome=0, goalsAway=0, message=Minuto 11]
[2025-09-30 00:00:48] INFO  com.cyberfoot.adapters.web.MatchController - [PLAY] Evento SSE: MatchEvent[seq=12, minute=12, type=TICK, goalsHome=0, goalsAway=0, message=Minuto 12]
[2025-09-30 00:00:48] INFO  com.cyberfoot.adapters.web.MatchController - [PLAY] Evento SSE: MatchEvent[seq=12, minute=12, type=TICK, goalsHome=0, goalsAway=0, message=Minuto 12]
[2025-09-30 00:00:48] INFO  com.cyberfoot.adapters.web.MatchController - [PLAY] Evento SSE: MatchEvent[seq=12, minute=12, type=TICK, goalsHome=0, goalsAway=0, message=Minuto 12]
[2025-09-30 00:00:48] INFO  com.cyberfoot.adapters.web.MatchController - [PLAY] Evento SSE: MatchEvent[seq=12, minute=12, type=TICK, goalsHome=0, goalsAway=1, message=Minuto 12]
[2025-09-30 00:00:48] INFO  com.cyberfoot.adapters.web.MatchController - [PLAY] Evento SSE: MatchEvent[seq=12, minute=12, type=TICK, goalsHome=0, goalsAway=0, message=Minuto 12]
[2025-09-30 00:00:48] INFO  com.cyberfoot.adapters.web.MatchController - [PLAY] Evento SSE: MatchEvent[seq=13, minute=13, type=TICK, goalsHome=0, goalsAway=1, message=Minuto 13]
[2025-09-30 00:00:48] INFO  com.cyberfoot.adapters.web.MatchController - [PLAY] Evento SSE: MatchEvent[seq=13, minute=13, type=TICK, goalsHome=0, goalsAway=0, message=Minuto 13]
[2025-09-30 00:00:48] INFO  com.cyberfoot.adapters.web.MatchController - [PLAY] Evento SSE: MatchEvent[seq=13, minute=13, type=TICK, goalsHome=0, goalsAway=0, message=Minuto 13]
[2025-09-30 00:00:48] INFO  com.cyberfoot.adapters.web.MatchController - [PLAY] Evento SSE: MatchEvent[seq=13, minute=13, type=TICK, goalsHome=0, goalsAway=0, message=Minuto 13]
[2025-09-30 00:00:48] INFO  com.cyberfoot.adapters.web.MatchController - [PLAY] Evento SSE: MatchEvent[seq=13, minute=13, type=TICK, goalsHome=0, goalsAway=0, message=Minuto 13]
[2025-09-30 00:00:48] INFO  com.cyberfoot.adapters.web.MatchController - [PLAY] Evento SSE: MatchEvent[seq=14, minute=14, type=TICK, goalsHome=0, goalsAway=1, message=Minuto 14]
[2025-09-30 00:00:48] INFO  com.cyberfoot.adapters.web.MatchController - [PLAY] Evento SSE: MatchEvent[seq=14, minute=14, type=TICK, goalsHome=0, goalsAway=0, message=Minuto 14]
[2025-09-30 00:00:48] INFO  com.cyberfoot.adapters.web.MatchController - [PLAY] Evento SSE: MatchEvent[seq=14, minute=14, type=TICK, goalsHome=0, goalsAway=0, message=Minuto 14]
[2025-09-30 00:00:48] INFO  com.cyberfoot.adapters.web.MatchController - [PLAY] Evento SSE: MatchEvent[seq=14, minute=14, type=TICK, goalsHome=0, goalsAway=0, message=Minuto 14]
[2025-09-30 00:00:48] INFO  com.cyberfoot.adapters.web.MatchController - [PLAY] Evento SSE: MatchEvent[seq=14, minute=14, type=TICK, goalsHome=0, goalsAway=0, message=Minuto 14]
[2025-09-30 00:00:48] INFO  com.cyberfoot.adapters.web.MatchController - [PLAY] Evento SSE: MatchEvent[seq=15, minute=15, type=TICK, goalsHome=0, goalsAway=0, message=Minuto 15]
[2025-09-30 00:00:48] INFO  com.cyberfoot.adapters.web.MatchController - [PLAY] Evento SSE: MatchEvent[seq=15, minute=15, type=TICK, goalsHome=0, goalsAway=0, message=Minuto 15]
[2025-09-30 00:00:48] INFO  com.cyberfoot.adapters.web.MatchController - [PLAY] Evento SSE: MatchEvent[seq=15, minute=15, type=TICK, goalsHome=0, goalsAway=0, message=Minuto 15]
[2025-09-30 00:00:48] INFO  com.cyberfoot.adapters.web.MatchController - [PLAY] Evento SSE: MatchEvent[seq=15, minute=15, type=TICK, goalsHome=0, goalsAway=0, message=Minuto 15]
[2025-09-30 00:00:48] INFO  com.cyberfoot.adapters.web.MatchController - [PLAY] Evento SSE: MatchEvent[seq=15, minute=15, type=TICK, goalsHome=0, goalsAway=1, message=Minuto 15]
[2025-09-30 00:00:48] INFO  com.cyberfoot.adapters.web.MatchController - [PLAY] Evento SSE: MatchEvent[seq=16, minute=16, type=TICK, goalsHome=0, goalsAway=1, message=Minuto 16]
[2025-09-30 00:00:48] INFO  com.cyberfoot.adapters.web.MatchController - [PLAY] Evento SSE: MatchEvent[seq=16, minute=16, type=TICK, goalsHome=0, goalsAway=0, message=Minuto 16]
[2025-09-30 00:00:48] INFO  com.cyberfoot.adapters.web.MatchController - [PLAY] Evento SSE: MatchEvent[seq=16, minute=16, type=TICK, goalsHome=0, goalsAway=0, message=Minuto 16]
[2025-09-30 00:00:48] INFO  com.cyberfoot.adapters.web.MatchController - [PLAY] Evento SSE: MatchEvent[seq=16, minute=16, type=GOAL, goalsHome=1, goalsAway=0, message=Gol local! 1-0]
[2025-09-30 00:00:48] INFO  com.cyberfoot.adapters.web.MatchController - [PLAY] Evento SSE: MatchEvent[seq=16, minute=16, type=TICK, goalsHome=0, goalsAway=0, message=Minuto 16]
[2025-09-30 00:00:48] INFO  com.cyberfoot.adapters.web.MatchController - [PLAY] Evento SSE: MatchEvent[seq=17, minute=17, type=GOAL, goalsHome=1, goalsAway=0, message=Gol local! 1-0]
[2025-09-30 00:00:48] INFO  com.cyberfoot.adapters.web.MatchController - [PLAY] Evento SSE: MatchEvent[seq=17, minute=17, type=TICK, goalsHome=0, goalsAway=0, message=Minuto 17]
[2025-09-30 00:00:48] INFO  com.cyberfoot.adapters.web.MatchController - [PLAY] Evento SSE: MatchEvent[seq=17, minute=17, type=TICK, goalsHome=0, goalsAway=0, message=Minuto 17]
[2025-09-30 00:00:48] INFO  com.cyberfoot.adapters.web.MatchController - [PLAY] Evento SSE: MatchEvent[seq=17, minute=17, type=TICK, goalsHome=1, goalsAway=0, message=Minuto 17]
[2025-09-30 00:00:48] INFO  com.cyberfoot.adapters.web.MatchController - [PLAY] Evento SSE: MatchEvent[seq=17, minute=17, type=TICK, goalsHome=0, goalsAway=1, message=Minuto 17]
[2025-09-30 00:00:48] INFO  com.cyberfoot.adapters.web.MatchController - [PLAY] Evento SSE: MatchEvent[seq=18, minute=18, type=TICK, goalsHome=0, goalsAway=0, message=Minuto 18]
[2025-09-30 00:00:48] INFO  com.cyberfoot.adapters.web.MatchController - [PLAY] Evento SSE: MatchEvent[seq=18, minute=18, type=TICK, goalsHome=0, goalsAway=0, message=Minuto 18]
[2025-09-30 00:00:48] INFO  com.cyberfoot.adapters.web.MatchController - [PLAY] Evento SSE: MatchEvent[seq=18, minute=18, type=TICK, goalsHome=0, goalsAway=1, message=Minuto 18]
[2025-09-30 00:00:48] INFO  com.cyberfoot.adapters.web.MatchController - [PLAY] Evento SSE: MatchEvent[seq=18, minute=18, type=TICK, goalsHome=1, goalsAway=0, message=Minuto 18]
[2025-09-30 00:00:48] INFO  com.cyberfoot.adapters.web.MatchController - [PLAY] Evento SSE: MatchEvent[seq=18, minute=18, type=TICK, goalsHome=1, goalsAway=0, message=Minuto 18]
[2025-09-30 00:00:48] INFO  com.cyberfoot.adapters.web.MatchController - [PLAY] Evento SSE: MatchEvent[seq=19, minute=19, type=TICK, goalsHome=0, goalsAway=0, message=Minuto 19]
[2025-09-30 00:00:48] INFO  com.cyberfoot.adapters.web.MatchController - [PLAY] Evento SSE: MatchEvent[seq=19, minute=19, type=TICK, goalsHome=1, goalsAway=0, message=Minuto 19]
[2025-09-30 00:00:48] INFO  com.cyberfoot.adapters.web.MatchController - [PLAY] Evento SSE: MatchEvent[seq=19, minute=19, type=TICK, goalsHome=1, goalsAway=0, message=Minuto 19]
[2025-09-30 00:00:48] INFO  com.cyberfoot.adapters.web.MatchController - [PLAY] Evento SSE: MatchEvent[seq=19, minute=19, type=TICK, goalsHome=0, goalsAway=0, message=Minuto 19]
[2025-09-30 00:00:48] INFO  com.cyberfoot.adapters.web.MatchController - [PLAY] Evento SSE: MatchEvent[seq=19, minute=19, type=TICK, goalsHome=0, goalsAway=1, message=Minuto 19]
[2025-09-30 00:00:48] INFO  com.cyberfoot.adapters.web.MatchController - [PLAY] Evento SSE: MatchEvent[seq=20, minute=20, type=TICK, goalsHome=1, goalsAway=0, message=Minuto 20]
[2025-09-30 00:00:48] INFO  com.cyberfoot.adapters.web.MatchController - [PLAY] Evento SSE: MatchEvent[seq=20, minute=20, type=TICK, goalsHome=0, goalsAway=0, message=Minuto 20]
[2025-09-30 00:00:48] INFO  com.cyberfoot.adapters.web.MatchController - [PLAY] Evento SSE: MatchEvent[seq=20, minute=20, type=TICK, goalsHome=0, goalsAway=1, message=Minuto 20]
[2025-09-30 00:00:48] INFO  com.cyberfoot.adapters.web.MatchController - [PLAY] Evento SSE: MatchEvent[seq=20, minute=20, type=TICK, goalsHome=1, goalsAway=0, message=Minuto 20]
[2025-09-30 00:00:48] INFO  com.cyberfoot.adapters.web.MatchController - [PLAY] Evento SSE: MatchEvent[seq=20, minute=20, type=TICK, goalsHome=0, goalsAway=0, message=Minuto 20]
[2025-09-30 00:00:48] INFO  com.cyberfoot.adapters.web.MatchController - [PLAY] Evento SSE: MatchEvent[seq=21, minute=21, type=TICK, goalsHome=1, goalsAway=0, message=Minuto 21]
[2025-09-30 00:00:48] INFO  com.cyberfoot.adapters.web.MatchController - [PLAY] Evento SSE: MatchEvent[seq=21, minute=21, type=TICK, goalsHome=1, goalsAway=0, message=Minuto 21]
[2025-09-30 00:00:48] INFO  com.cyberfoot.adapters.web.MatchController - [PLAY] Evento SSE: MatchEvent[seq=21, minute=21, type=TICK, goalsHome=0, goalsAway=1, message=Minuto 21]
[2025-09-30 00:00:48] INFO  com.cyberfoot.adapters.web.MatchController - [PLAY] Evento SSE: MatchEvent[seq=21, minute=21, type=TICK, goalsHome=0, goalsAway=0, message=Minuto 21]
[2025-09-30 00:00:48] INFO  com.cyberfoot.adapters.web.MatchController - [PLAY] Evento SSE: MatchEvent[seq=21, minute=21, type=TICK, goalsHome=0, goalsAway=0, message=Minuto 21]
[2025-09-30 00:00:48] INFO  com.cyberfoot.adapters.web.MatchController - [PLAY] Evento SSE: MatchEvent[seq=22, minute=22, type=TICK, goalsHome=0, goalsAway=0, message=Minuto 22]
[2025-09-30 00:00:48] INFO  com.cyberfoot.adapters.web.MatchController - [PLAY] Evento SSE: MatchEvent[seq=22, minute=22, type=TICK, goalsHome=1, goalsAway=0, message=Minuto 22]
[2025-09-30 00:00:48] INFO  com.cyberfoot.adapters.web.MatchController - [PLAY] Evento SSE: MatchEvent[seq=22, minute=22, type=TICK, goalsHome=1, goalsAway=0, message=Minuto 22]
[2025-09-30 00:00:48] INFO  com.cyberfoot.adapters.web.MatchController - [PLAY] Evento SSE: MatchEvent[seq=22, minute=22, type=TICK, goalsHome=0, goalsAway=0, message=Minuto 22]
[2025-09-30 00:00:48] INFO  com.cyberfoot.adapters.web.MatchController - [PLAY] Evento SSE: MatchEvent[seq=22, minute=22, type=TICK, goalsHome=0, goalsAway=1, message=Minuto 22]
[2025-09-30 00:00:48] INFO  com.cyberfoot.adapters.web.MatchController - [PLAY] Evento SSE: MatchEvent[seq=23, minute=23, type=TICK, goalsHome=1, goalsAway=0, message=Minuto 23]
[2025-09-30 00:00:48] INFO  com.cyberfoot.adapters.web.MatchController - [PLAY] Evento SSE: MatchEvent[seq=23, minute=23, type=TICK, goalsHome=0, goalsAway=0, message=Minuto 23]
[2025-09-30 00:00:48] INFO  com.cyberfoot.adapters.web.MatchController - [PLAY] Evento SSE: MatchEvent[seq=23, minute=23, type=TICK, goalsHome=0, goalsAway=0, message=Minuto 23]
[2025-09-30 00:00:48] INFO  com.cyberfoot.adapters.web.MatchController - [PLAY] Evento SSE: MatchEvent[seq=23, minute=23, type=TICK, goalsHome=0, goalsAway=1, message=Minuto 23]
[2025-09-30 00:00:48] INFO  com.cyberfoot.adapters.web.MatchController - [PLAY] Evento SSE: MatchEvent[seq=23, minute=23, type=TICK, goalsHome=1, goalsAway=0, message=Minuto 23]
[2025-09-30 00:00:48] INFO  com.cyberfoot.adapters.web.MatchController - [PLAY] Evento SSE: MatchEvent[seq=24, minute=24, type=GOAL, goalsHome=1, goalsAway=1, message=Gol local! 1-1]
[2025-09-30 00:00:48] INFO  com.cyberfoot.adapters.web.MatchController - [PLAY] Evento SSE: MatchEvent[seq=24, minute=24, type=TICK, goalsHome=0, goalsAway=0, message=Minuto 24]
[2025-09-30 00:00:48] INFO  com.cyberfoot.adapters.web.MatchController - [PLAY] Evento SSE: MatchEvent[seq=24, minute=24, type=TICK, goalsHome=0, goalsAway=0, message=Minuto 24]
[2025-09-30 00:00:48] INFO  com.cyberfoot.adapters.web.MatchController - [PLAY] Evento SSE: MatchEvent[seq=24, minute=24, type=TICK, goalsHome=1, goalsAway=0, message=Minuto 24]
[2025-09-30 00:00:48] INFO  com.cyberfoot.adapters.web.MatchController - [PLAY] Evento SSE: MatchEvent[seq=24, minute=24, type=TICK, goalsHome=1, goalsAway=0, message=Minuto 24]
[2025-09-30 00:00:48] INFO  com.cyberfoot.adapters.web.MatchController - [PLAY] Evento SSE: MatchEvent[seq=25, minute=25, type=TICK, goalsHome=0, goalsAway=0, message=Minuto 25]
[2025-09-30 00:00:48] INFO  com.cyberfoot.adapters.web.MatchController - [PLAY] Evento SSE: MatchEvent[seq=25, minute=25, type=TICK, goalsHome=0, goalsAway=0, message=Minuto 25]
[2025-09-30 00:00:48] INFO  com.cyberfoot.adapters.web.MatchController - [PLAY] Evento SSE: MatchEvent[seq=25, minute=25, type=TICK, goalsHome=1, goalsAway=0, message=Minuto 25]
[2025-09-30 00:00:48] INFO  com.cyberfoot.adapters.web.MatchController - [PLAY] Evento SSE: MatchEvent[seq=25, minute=25, type=GOAL, goalsHome=2, goalsAway=0, message=Gol local! 2-0]
[2025-09-30 00:00:48] INFO  com.cyberfoot.adapters.web.MatchController - [PLAY] Evento SSE: MatchEvent[seq=25, minute=25, type=TICK, goalsHome=1, goalsAway=1, message=Minuto 25]
[2025-09-30 00:00:49] INFO  com.cyberfoot.adapters.web.MatchController - [PLAY] Evento SSE: MatchEvent[seq=26, minute=26, type=TICK, goalsHome=0, goalsAway=0, message=Minuto 26]
[2025-09-30 00:00:49] INFO  com.cyberfoot.adapters.web.MatchController - [PLAY] Evento SSE: MatchEvent[seq=26, minute=26, type=TICK, goalsHome=1, goalsAway=1, message=Minuto 26]
[2025-09-30 00:00:49] INFO  com.cyberfoot.adapters.web.MatchController - [PLAY] Evento SSE: MatchEvent[seq=26, minute=26, type=GOAL, goalsHome=3, goalsAway=0, message=Gol local! 3-0]
[2025-09-30 00:00:49] INFO  com.cyberfoot.adapters.web.MatchController - [PLAY] Evento SSE: MatchEvent[seq=26, minute=26, type=TICK, goalsHome=0, goalsAway=0, message=Minuto 26]
[2025-09-30 00:00:49] INFO  com.cyberfoot.adapters.web.MatchController - [PLAY] Evento SSE: MatchEvent[seq=26, minute=26, type=TICK, goalsHome=1, goalsAway=0, message=Minuto 26]
[2025-09-30 00:00:49] INFO  com.cyberfoot.adapters.web.MatchController - [PLAY] Evento SSE: MatchEvent[seq=27, minute=27, type=TICK, goalsHome=1, goalsAway=1, message=Minuto 27]
[2025-09-30 00:00:49] INFO  com.cyberfoot.adapters.web.MatchController - [PLAY] Evento SSE: MatchEvent[seq=27, minute=27, type=TICK, goalsHome=3, goalsAway=0, message=Minuto 27]
[2025-09-30 00:00:49] INFO  com.cyberfoot.adapters.web.MatchController - [PLAY] Evento SSE: MatchEvent[seq=27, minute=27, type=TICK, goalsHome=0, goalsAway=0, message=Minuto 27]
[2025-09-30 00:00:49] INFO  com.cyberfoot.adapters.web.MatchController - [PLAY] Evento SSE: MatchEvent[seq=27, minute=27, type=TICK, goalsHome=1, goalsAway=0, message=Minuto 27]
[2025-09-30 00:00:49] INFO  com.cyberfoot.adapters.web.MatchController - [PLAY] Evento SSE: MatchEvent[seq=27, minute=27, type=TICK, goalsHome=0, goalsAway=0, message=Minuto 27]
[2025-09-30 00:00:49] INFO  com.cyberfoot.adapters.web.MatchController - [PLAY] Evento SSE: MatchEvent[seq=28, minute=28, type=TICK, goalsHome=0, goalsAway=0, message=Minuto 28]
[2025-09-30 00:00:49] INFO  com.cyberfoot.adapters.web.MatchController - [PLAY] Evento SSE: MatchEvent[seq=28, minute=28, type=TICK, goalsHome=1, goalsAway=0, message=Minuto 28]
[2025-09-30 00:00:49] INFO  com.cyberfoot.adapters.web.MatchController - [PLAY] Evento SSE: MatchEvent[seq=28, minute=28, type=TICK, goalsHome=1, goalsAway=1, message=Minuto 28]
[2025-09-30 00:00:49] INFO  com.cyberfoot.adapters.web.MatchController - [PLAY] Evento SSE: MatchEvent[seq=28, minute=28, type=TICK, goalsHome=0, goalsAway=0, message=Minuto 28]
[2025-09-30 00:00:49] INFO  com.cyberfoot.adapters.web.MatchController - [PLAY] Evento SSE: MatchEvent[seq=28, minute=28, type=TICK, goalsHome=3, goalsAway=0, message=Minuto 28]
[2025-09-30 00:00:49] INFO  com.cyberfoot.adapters.web.MatchController - [PLAY] Evento SSE: MatchEvent[seq=29, minute=29, type=TICK, goalsHome=3, goalsAway=0, message=Minuto 29]
[2025-09-30 00:00:49] INFO  com.cyberfoot.adapters.web.MatchController - [PLAY] Evento SSE: MatchEvent[seq=29, minute=29, type=TICK, goalsHome=0, goalsAway=0, message=Minuto 29]
[2025-09-30 00:00:49] INFO  com.cyberfoot.adapters.web.MatchController - [PLAY] Evento SSE: MatchEvent[seq=29, minute=29, type=TICK, goalsHome=0, goalsAway=0, message=Minuto 29]
[2025-09-30 00:00:49] INFO  com.cyberfoot.adapters.web.MatchController - [PLAY] Evento SSE: MatchEvent[seq=29, minute=29, type=TICK, goalsHome=1, goalsAway=0, message=Minuto 29]
[2025-09-30 00:00:49] INFO  com.cyberfoot.adapters.web.MatchController - [PLAY] Evento SSE: MatchEvent[seq=29, minute=29, type=TICK, goalsHome=1, goalsAway=1, message=Minuto 29]
[2025-09-30 00:00:49] INFO  com.cyberfoot.adapters.web.MatchController - [PLAY] Evento SSE: MatchEvent[seq=30, minute=30, type=TICK, goalsHome=0, goalsAway=0, message=Minuto 30]
[2025-09-30 00:00:49] INFO  com.cyberfoot.adapters.web.MatchController - [PLAY] Evento SSE: MatchEvent[seq=30, minute=30, type=TICK, goalsHome=3, goalsAway=0, message=Minuto 30]
[2025-09-30 00:00:49] INFO  com.cyberfoot.adapters.web.MatchController - [PLAY] Evento SSE: MatchEvent[seq=30, minute=30, type=TICK, goalsHome=0, goalsAway=0, message=Minuto 30]
[2025-09-30 00:00:49] INFO  com.cyberfoot.adapters.web.MatchController - [PLAY] Evento SSE: MatchEvent[seq=30, minute=30, type=TICK, goalsHome=1, goalsAway=1, message=Minuto 30]
[2025-09-30 00:00:49] INFO  com.cyberfoot.adapters.web.MatchController - [PLAY] Evento SSE: MatchEvent[seq=30, minute=30, type=TICK, goalsHome=1, goalsAway=0, message=Minuto 30]
[2025-09-30 00:00:49] INFO  com.cyberfoot.adapters.web.MatchController - [PLAY] Evento SSE: MatchEvent[seq=31, minute=31, type=TICK, goalsHome=0, goalsAway=0, message=Minuto 31]
[2025-09-30 00:00:49] INFO  com.cyberfoot.adapters.web.MatchController - [PLAY] Evento SSE: MatchEvent[seq=31, minute=31, type=TICK, goalsHome=1, goalsAway=0, message=Minuto 31]
[2025-09-30 00:00:49] INFO  com.cyberfoot.adapters.web.MatchController - [PLAY] Evento SSE: MatchEvent[seq=31, minute=31, type=TICK, goalsHome=1, goalsAway=1, message=Minuto 31]
[2025-09-30 00:00:49] INFO  com.cyberfoot.adapters.web.MatchController - [PLAY] Evento SSE: MatchEvent[seq=31, minute=31, type=TICK, goalsHome=3, goalsAway=0, message=Minuto 31]
[2025-09-30 00:00:49] INFO  com.cyberfoot.adapters.web.MatchController - [PLAY] Evento SSE: MatchEvent[seq=31, minute=31, type=TICK, goalsHome=0, goalsAway=0, message=Minuto 31]
[2025-09-30 00:00:49] INFO  com.cyberfoot.adapters.web.MatchController - [PLAY] Evento SSE: MatchEvent[seq=32, minute=32, type=TICK, goalsHome=1, goalsAway=0, message=Minuto 32]
[2025-09-30 00:00:49] INFO  com.cyberfoot.adapters.web.MatchController - [PLAY] Evento SSE: MatchEvent[seq=32, minute=32, type=TICK, goalsHome=3, goalsAway=0, message=Minuto 32]
[2025-09-30 00:00:49] INFO  com.cyberfoot.adapters.web.MatchController - [PLAY] Evento SSE: MatchEvent[seq=32, minute=32, type=TICK, goalsHome=0, goalsAway=0, message=Minuto 32]
[2025-09-30 00:00:49] INFO  com.cyberfoot.adapters.web.MatchController - [PLAY] Evento SSE: MatchEvent[seq=32, minute=32, type=TICK, goalsHome=0, goalsAway=0, message=Minuto 32]
[2025-09-30 00:00:49] INFO  com.cyberfoot.adapters.web.MatchController - [PLAY] Evento SSE: MatchEvent[seq=32, minute=32, type=GOAL, goalsHome=1, goalsAway=2, message=Gol visitante! 1-2]
[2025-09-30 00:00:49] INFO  com.cyberfoot.adapters.web.MatchController - [PLAY] Evento SSE: MatchEvent[seq=33, minute=33, type=GOAL, goalsHome=3, goalsAway=1, message=Gol visitante! 3-1]
[2025-09-30 00:00:49] INFO  com.cyberfoot.adapters.web.MatchController - [PLAY] Evento SSE: MatchEvent[seq=33, minute=33, type=TICK, goalsHome=0, goalsAway=0, message=Minuto 33]
[2025-09-30 00:00:49] INFO  com.cyberfoot.adapters.web.MatchController - [PLAY] Evento SSE: MatchEvent[seq=33, minute=33, type=TICK, goalsHome=1, goalsAway=0, message=Minuto 33]
[2025-09-30 00:00:49] INFO  com.cyberfoot.adapters.web.MatchController - [PLAY] Evento SSE: MatchEvent[seq=33, minute=33, type=TICK, goalsHome=1, goalsAway=2, message=Minuto 33]
[2025-09-30 00:00:49] INFO  com.cyberfoot.adapters.web.MatchController - [PLAY] Evento SSE: MatchEvent[seq=33, minute=33, type=TICK, goalsHome=0, goalsAway=0, message=Minuto 33]
[2025-09-30 00:00:49] INFO  com.cyberfoot.adapters.web.MatchController - [PLAY] Evento SSE: MatchEvent[seq=34, minute=34, type=TICK, goalsHome=3, goalsAway=1, message=Minuto 34]
[2025-09-30 00:00:49] INFO  com.cyberfoot.adapters.web.MatchController - [PLAY] Evento SSE: MatchEvent[seq=34, minute=34, type=TICK, goalsHome=1, goalsAway=2, message=Minuto 34]
[2025-09-30 00:00:49] INFO  com.cyberfoot.adapters.web.MatchController - [PLAY] Evento SSE: MatchEvent[seq=34, minute=34, type=TICK, goalsHome=1, goalsAway=0, message=Minuto 34]
[2025-09-30 00:00:49] INFO  com.cyberfoot.adapters.web.MatchController - [PLAY] Evento SSE: MatchEvent[seq=34, minute=34, type=TICK, goalsHome=0, goalsAway=0, message=Minuto 34]
[2025-09-30 00:00:49] INFO  com.cyberfoot.adapters.web.MatchController - [PLAY] Evento SSE: MatchEvent[seq=34, minute=34, type=TICK, goalsHome=0, goalsAway=0, message=Minuto 34]
[2025-09-30 00:00:49] INFO  com.cyberfoot.adapters.web.MatchController - [PLAY] Evento SSE: MatchEvent[seq=35, minute=35, type=TICK, goalsHome=0, goalsAway=0, message=Minuto 35]
[2025-09-30 00:00:49] INFO  com.cyberfoot.adapters.web.MatchController - [PLAY] Evento SSE: MatchEvent[seq=35, minute=35, type=TICK, goalsHome=1, goalsAway=0, message=Minuto 35]
[2025-09-30 00:00:49] INFO  com.cyberfoot.adapters.web.MatchController - [PLAY] Evento SSE: MatchEvent[seq=35, minute=35, type=TICK, goalsHome=0, goalsAway=0, message=Minuto 35]
[2025-09-30 00:00:49] INFO  com.cyberfoot.adapters.web.MatchController - [PLAY] Evento SSE: MatchEvent[seq=35, minute=35, type=TICK, goalsHome=3, goalsAway=1, message=Minuto 35]
[2025-09-30 00:00:49] INFO  com.cyberfoot.adapters.web.MatchController - [PLAY] Evento SSE: MatchEvent[seq=35, minute=35, type=TICK, goalsHome=1, goalsAway=2, message=Minuto 35]
[2025-09-30 00:00:49] INFO  com.cyberfoot.adapters.web.MatchController - [PLAY] Evento SSE: MatchEvent[seq=36, minute=36, type=TICK, goalsHome=1, goalsAway=0, message=Minuto 36]
[2025-09-30 00:00:49] INFO  com.cyberfoot.adapters.web.MatchController - [PLAY] Evento SSE: MatchEvent[seq=36, minute=36, type=TICK, goalsHome=1, goalsAway=2, message=Minuto 36]
[2025-09-30 00:00:49] INFO  com.cyberfoot.adapters.web.MatchController - [PLAY] Evento SSE: MatchEvent[seq=36, minute=36, type=TICK, goalsHome=3, goalsAway=1, message=Minuto 36]
[2025-09-30 00:00:49] INFO  com.cyberfoot.adapters.web.MatchController - [PLAY] Evento SSE: MatchEvent[seq=36, minute=36, type=TICK, goalsHome=0, goalsAway=0, message=Minuto 36]
[2025-09-30 00:00:49] INFO  com.cyberfoot.adapters.web.MatchController - [PLAY] Evento SSE: MatchEvent[seq=36, minute=36, type=TICK, goalsHome=0, goalsAway=0, message=Minuto 36]
[2025-09-30 00:00:49] INFO  com.cyberfoot.adapters.web.MatchController - [PLAY] Evento SSE: MatchEvent[seq=37, minute=37, type=TICK, goalsHome=0, goalsAway=0, message=Minuto 37]
[2025-09-30 00:00:49] INFO  com.cyberfoot.adapters.web.MatchController - [PLAY] Evento SSE: MatchEvent[seq=37, minute=37, type=TICK, goalsHome=1, goalsAway=0, message=Minuto 37]
[2025-09-30 00:00:49] INFO  com.cyberfoot.adapters.web.MatchController - [PLAY] Evento SSE: MatchEvent[seq=37, minute=37, type=TICK, goalsHome=1, goalsAway=2, message=Minuto 37]
[2025-09-30 00:00:49] INFO  com.cyberfoot.adapters.web.MatchController - [PLAY] Evento SSE: MatchEvent[seq=37, minute=37, type=TICK, goalsHome=3, goalsAway=1, message=Minuto 37]
[2025-09-30 00:00:49] INFO  com.cyberfoot.adapters.web.MatchController - [PLAY] Evento SSE: MatchEvent[seq=37, minute=37, type=TICK, goalsHome=0, goalsAway=0, message=Minuto 37]
[2025-09-30 00:00:49] INFO  com.cyberfoot.adapters.web.MatchController - [PLAY] Evento SSE: MatchEvent[seq=38, minute=38, type=TICK, goalsHome=0, goalsAway=0, message=Minuto 38]
[2025-09-30 00:00:49] INFO  com.cyberfoot.adapters.web.MatchController - [PLAY] Evento SSE: MatchEvent[seq=38, minute=38, type=TICK, goalsHome=1, goalsAway=0, message=Minuto 38]
[2025-09-30 00:00:49] INFO  com.cyberfoot.adapters.web.MatchController - [PLAY] Evento SSE: MatchEvent[seq=38, minute=38, type=TICK, goalsHome=0, goalsAway=0, message=Minuto 38]
[2025-09-30 00:00:49] INFO  com.cyberfoot.adapters.web.MatchController - [PLAY] Evento SSE: MatchEvent[seq=38, minute=38, type=TICK, goalsHome=1, goalsAway=2, message=Minuto 38]
[2025-09-30 00:00:49] INFO  com.cyberfoot.adapters.web.MatchController - [PLAY] Evento SSE: MatchEvent[seq=38, minute=38, type=TICK, goalsHome=3, goalsAway=1, message=Minuto 38]
[2025-09-30 00:00:49] INFO  com.cyberfoot.adapters.web.MatchController - [PLAY] Evento SSE: MatchEvent[seq=39, minute=39, type=TICK, goalsHome=0, goalsAway=0, message=Minuto 39]
[2025-09-30 00:00:49] INFO  com.cyberfoot.adapters.web.MatchController - [PLAY] Evento SSE: MatchEvent[seq=39, minute=39, type=TICK, goalsHome=1, goalsAway=0, message=Minuto 39]
[2025-09-30 00:00:49] INFO  com.cyberfoot.adapters.web.MatchController - [PLAY] Evento SSE: MatchEvent[seq=39, minute=39, type=TICK, goalsHome=3, goalsAway=1, message=Minuto 39]
[2025-09-30 00:00:49] INFO  com.cyberfoot.adapters.web.MatchController - [PLAY] Evento SSE: MatchEvent[seq=39, minute=39, type=TICK, goalsHome=1, goalsAway=2, message=Minuto 39]
[2025-09-30 00:00:49] INFO  com.cyberfoot.adapters.web.MatchController - [PLAY] Evento SSE: MatchEvent[seq=39, minute=39, type=TICK, goalsHome=0, goalsAway=0, message=Minuto 39]
[2025-09-30 00:00:49] INFO  com.cyberfoot.adapters.web.MatchController - [PLAY] Evento SSE: MatchEvent[seq=40, minute=40, type=TICK, goalsHome=3, goalsAway=1, message=Minuto 40]
[2025-09-30 00:00:49] INFO  com.cyberfoot.adapters.web.MatchController - [PLAY] Evento SSE: MatchEvent[seq=40, minute=40, type=GOAL, goalsHome=1, goalsAway=1, message=Gol visitante! 1-1]
[2025-09-30 00:00:49] INFO  com.cyberfoot.adapters.web.MatchController - [PLAY] Evento SSE: MatchEvent[seq=40, minute=40, type=TICK, goalsHome=1, goalsAway=2, message=Minuto 40]
[2025-09-30 00:00:49] INFO  com.cyberfoot.adapters.web.MatchController - [PLAY] Evento SSE: MatchEvent[seq=40, minute=40, type=TICK, goalsHome=0, goalsAway=0, message=Minuto 40]
[2025-09-30 00:00:49] INFO  com.cyberfoot.adapters.web.MatchController - [PLAY] Evento SSE: MatchEvent[seq=40, minute=40, type=TICK, goalsHome=0, goalsAway=0, message=Minuto 40]
[2025-09-30 00:00:49] INFO  com.cyberfoot.adapters.web.MatchController - [PLAY] Evento SSE: MatchEvent[seq=41, minute=41, type=TICK, goalsHome=0, goalsAway=0, message=Minuto 41]
[2025-09-30 00:00:49] INFO  com.cyberfoot.adapters.web.MatchController - [PLAY] Evento SSE: MatchEvent[seq=41, minute=41, type=TICK, goalsHome=0, goalsAway=0, message=Minuto 41]
[2025-09-30 00:00:49] INFO  com.cyberfoot.adapters.web.MatchController - [PLAY] Evento SSE: MatchEvent[seq=41, minute=41, type=TICK, goalsHome=1, goalsAway=2, message=Minuto 41]
[2025-09-30 00:00:49] INFO  com.cyberfoot.adapters.web.MatchController - [PLAY] Evento SSE: MatchEvent[seq=41, minute=41, type=GOAL, goalsHome=2, goalsAway=1, message=Gol local! 2-1]
[2025-09-30 00:00:49] INFO  com.cyberfoot.adapters.web.MatchController - [PLAY] Evento SSE: MatchEvent[seq=41, minute=41, type=TICK, goalsHome=3, goalsAway=1, message=Minuto 41]
[2025-09-30 00:00:50] INFO  com.cyberfoot.adapters.web.MatchController - [PLAY] Evento SSE: MatchEvent[seq=42, minute=42, type=TICK, goalsHome=1, goalsAway=2, message=Minuto 42]
[2025-09-30 00:00:50] INFO  com.cyberfoot.adapters.web.MatchController - [PLAY] Evento SSE: MatchEvent[seq=42, minute=42, type=TICK, goalsHome=0, goalsAway=0, message=Minuto 42]
[2025-09-30 00:00:50] INFO  com.cyberfoot.adapters.web.MatchController - [PLAY] Evento SSE: MatchEvent[seq=42, minute=42, type=TICK, goalsHome=3, goalsAway=1, message=Minuto 42]
[2025-09-30 00:00:50] INFO  com.cyberfoot.adapters.web.MatchController - [PLAY] Evento SSE: MatchEvent[seq=42, minute=42, type=TICK, goalsHome=2, goalsAway=1, message=Minuto 42]
[2025-09-30 00:00:50] INFO  com.cyberfoot.adapters.web.MatchController - [PLAY] Evento SSE: MatchEvent[seq=42, minute=42, type=TICK, goalsHome=0, goalsAway=0, message=Minuto 42]
[2025-09-30 00:00:50] INFO  com.cyberfoot.adapters.web.MatchController - [PLAY] Evento SSE: MatchEvent[seq=43, minute=43, type=TICK, goalsHome=1, goalsAway=2, message=Minuto 43]
[2025-09-30 00:00:50] INFO  com.cyberfoot.adapters.web.MatchController - [PLAY] Evento SSE: MatchEvent[seq=43, minute=43, type=TICK, goalsHome=0, goalsAway=0, message=Minuto 43]
[2025-09-30 00:00:50] INFO  com.cyberfoot.adapters.web.MatchController - [PLAY] Evento SSE: MatchEvent[seq=43, minute=43, type=TICK, goalsHome=2, goalsAway=1, message=Minuto 43]
[2025-09-30 00:00:50] INFO  com.cyberfoot.adapters.web.MatchController - [PLAY] Evento SSE: MatchEvent[seq=43, minute=43, type=TICK, goalsHome=0, goalsAway=0, message=Minuto 43]
[2025-09-30 00:00:50] INFO  com.cyberfoot.adapters.web.MatchController - [PLAY] Evento SSE: MatchEvent[seq=43, minute=43, type=TICK, goalsHome=3, goalsAway=1, message=Minuto 43]
[2025-09-30 00:00:50] INFO  com.cyberfoot.adapters.web.MatchController - [PLAY] Evento SSE: MatchEvent[seq=44, minute=44, type=TICK, goalsHome=2, goalsAway=1, message=Minuto 44]
[2025-09-30 00:00:50] INFO  com.cyberfoot.adapters.web.MatchController - [PLAY] Evento SSE: MatchEvent[seq=44, minute=44, type=TICK, goalsHome=3, goalsAway=1, message=Minuto 44]
[2025-09-30 00:00:50] INFO  com.cyberfoot.adapters.web.MatchController - [PLAY] Evento SSE: MatchEvent[seq=44, minute=44, type=TICK, goalsHome=0, goalsAway=0, message=Minuto 44]
[2025-09-30 00:00:50] INFO  com.cyberfoot.adapters.web.MatchController - [PLAY] Evento SSE: MatchEvent[seq=44, minute=44, type=TICK, goalsHome=1, goalsAway=2, message=Minuto 44]
[2025-09-30 00:00:50] INFO  com.cyberfoot.adapters.web.MatchController - [PLAY] Evento SSE: MatchEvent[seq=44, minute=44, type=TICK, goalsHome=0, goalsAway=0, message=Minuto 44]
[2025-09-30 00:00:50] INFO  com.cyberfoot.adapters.web.MatchController - [PLAY] Evento SSE: MatchEvent[seq=45, minute=45, type=TICK, goalsHome=0, goalsAway=0, message=Minuto 45]
[2025-09-30 00:00:50] INFO  com.cyberfoot.adapters.web.MatchController - [PLAY] Evento SSE: MatchEvent[seq=45, minute=45, type=GOAL, goalsHome=3, goalsAway=1, message=Gol local! 3-1]
[2025-09-30 00:00:50] INFO  com.cyberfoot.adapters.web.MatchController - [PLAY] Evento SSE: MatchEvent[seq=45, minute=45, type=TICK, goalsHome=1, goalsAway=2, message=Minuto 45]
[2025-09-30 00:00:50] INFO  com.cyberfoot.adapters.web.MatchController - [PLAY] Evento SSE: MatchEvent[seq=45, minute=45, type=TICK, goalsHome=3, goalsAway=1, message=Minuto 45]
[2025-09-30 00:00:50] INFO  com.cyberfoot.adapters.web.MatchController - [PLAY] Evento SSE: MatchEvent[seq=45, minute=45, type=TICK, goalsHome=0, goalsAway=0, message=Minuto 45]
[2025-09-30 00:00:50] INFO  com.cyberfoot.adapters.web.MatchController - [PLAY] Evento SSE: MatchEvent[seq=46, minute=46, type=TICK, goalsHome=3, goalsAway=1, message=Minuto 46]
[2025-09-30 00:00:50] INFO  com.cyberfoot.adapters.web.MatchController - [PLAY] Evento SSE: MatchEvent[seq=46, minute=46, type=TICK, goalsHome=0, goalsAway=0, message=Minuto 46]
[2025-09-30 00:00:50] INFO  com.cyberfoot.adapters.web.MatchController - [PLAY] Evento SSE: MatchEvent[seq=46, minute=46, type=TICK, goalsHome=3, goalsAway=1, message=Minuto 46]
[2025-09-30 00:00:50] INFO  com.cyberfoot.adapters.web.MatchController - [PLAY] Evento SSE: MatchEvent[seq=46, minute=46, type=TICK, goalsHome=0, goalsAway=0, message=Minuto 46]
[2025-09-30 00:00:50] INFO  com.cyberfoot.adapters.web.MatchController - [PLAY] Evento SSE: MatchEvent[seq=46, minute=46, type=TICK, goalsHome=1, goalsAway=2, message=Minuto 46]
[2025-09-30 00:00:50] INFO  com.cyberfoot.adapters.web.MatchController - [PLAY] Evento SSE: MatchEvent[seq=47, minute=47, type=TICK, goalsHome=3, goalsAway=1, message=Minuto 47]
[2025-09-30 00:00:50] INFO  com.cyberfoot.adapters.web.MatchController - [PLAY] Evento SSE: MatchEvent[seq=47, minute=47, type=TICK, goalsHome=0, goalsAway=0, message=Minuto 47]
[2025-09-30 00:00:50] INFO  com.cyberfoot.adapters.web.MatchController - [PLAY] Evento SSE: MatchEvent[seq=47, minute=47, type=TICK, goalsHome=1, goalsAway=2, message=Minuto 47]
[2025-09-30 00:00:50] INFO  com.cyberfoot.adapters.web.MatchController - [PLAY] Evento SSE: MatchEvent[seq=47, minute=47, type=TICK, goalsHome=3, goalsAway=1, message=Minuto 47]
[2025-09-30 00:00:50] INFO  com.cyberfoot.adapters.web.MatchController - [PLAY] Evento SSE: MatchEvent[seq=47, minute=47, type=TICK, goalsHome=0, goalsAway=0, message=Minuto 47]
[2025-09-30 00:00:50] INFO  com.cyberfoot.adapters.web.MatchController - [PLAY] Evento SSE: MatchEvent[seq=48, minute=48, type=TICK, goalsHome=3, goalsAway=1, message=Minuto 48]
[2025-09-30 00:00:50] INFO  com.cyberfoot.adapters.web.MatchController - [PLAY] Evento SSE: MatchEvent[seq=48, minute=48, type=TICK, goalsHome=3, goalsAway=1, message=Minuto 48]
[2025-09-30 00:00:50] INFO  com.cyberfoot.adapters.web.MatchController - [PLAY] Evento SSE: MatchEvent[seq=48, minute=48, type=GOAL, goalsHome=1, goalsAway=0, message=Gol local! 1-0]
[2025-09-30 00:00:50] INFO  com.cyberfoot.adapters.web.MatchController - [PLAY] Evento SSE: MatchEvent[seq=48, minute=48, type=GOAL, goalsHome=2, goalsAway=2, message=Gol local! 2-2]
[2025-09-30 00:00:50] INFO  com.cyberfoot.adapters.web.MatchController - [PLAY] Evento SSE: MatchEvent[seq=48, minute=48, type=GOAL, goalsHome=1, goalsAway=0, message=Gol local! 1-0]
[2025-09-30 00:00:50] INFO  com.cyberfoot.adapters.web.MatchController - [PLAY] Evento SSE: MatchEvent[seq=49, minute=49, type=TICK, goalsHome=3, goalsAway=1, message=Minuto 49]
[2025-09-30 00:00:50] INFO  com.cyberfoot.adapters.web.MatchController - [PLAY] Evento SSE: MatchEvent[seq=49, minute=49, type=TICK, goalsHome=1, goalsAway=0, message=Minuto 49]
[2025-09-30 00:00:50] INFO  com.cyberfoot.adapters.web.MatchController - [PLAY] Evento SSE: MatchEvent[seq=49, minute=49, type=TICK, goalsHome=2, goalsAway=2, message=Minuto 49]
[2025-09-30 00:00:50] INFO  com.cyberfoot.adapters.web.MatchController - [PLAY] Evento SSE: MatchEvent[seq=49, minute=49, type=TICK, goalsHome=1, goalsAway=0, message=Minuto 49]
[2025-09-30 00:00:50] INFO  com.cyberfoot.adapters.web.MatchController - [PLAY] Evento SSE: MatchEvent[seq=49, minute=49, type=TICK, goalsHome=3, goalsAway=1, message=Minuto 49]
[2025-09-30 00:00:50] INFO  com.cyberfoot.adapters.web.MatchController - [PLAY] Evento SSE: MatchEvent[seq=50, minute=50, type=TICK, goalsHome=1, goalsAway=0, message=Minuto 50]
[2025-09-30 00:00:50] INFO  com.cyberfoot.adapters.web.MatchController - [PLAY] Evento SSE: MatchEvent[seq=50, minute=50, type=TICK, goalsHome=3, goalsAway=1, message=Minuto 50]
[2025-09-30 00:00:50] INFO  com.cyberfoot.adapters.web.MatchController - [PLAY] Evento SSE: MatchEvent[seq=50, minute=50, type=TICK, goalsHome=1, goalsAway=0, message=Minuto 50]
[2025-09-30 00:00:50] INFO  com.cyberfoot.adapters.web.MatchController - [PLAY] Evento SSE: MatchEvent[seq=50, minute=50, type=TICK, goalsHome=2, goalsAway=2, message=Minuto 50]
[2025-09-30 00:00:50] INFO  com.cyberfoot.adapters.web.MatchController - [PLAY] Evento SSE: MatchEvent[seq=50, minute=50, type=TICK, goalsHome=3, goalsAway=1, message=Minuto 50]
[2025-09-30 00:00:50] INFO  com.cyberfoot.adapters.web.MatchController - [PLAY] Evento SSE: MatchEvent[seq=51, minute=51, type=TICK, goalsHome=3, goalsAway=1, message=Minuto 51]
[2025-09-30 00:00:50] INFO  com.cyberfoot.adapters.web.MatchController - [PLAY] Evento SSE: MatchEvent[seq=51, minute=51, type=TICK, goalsHome=1, goalsAway=0, message=Minuto 51]
[2025-09-30 00:00:50] INFO  com.cyberfoot.adapters.web.MatchController - [PLAY] Evento SSE: MatchEvent[seq=51, minute=51, type=TICK, goalsHome=2, goalsAway=2, message=Minuto 51]
[2025-09-30 00:00:50] INFO  com.cyberfoot.adapters.web.MatchController - [PLAY] Evento SSE: MatchEvent[seq=51, minute=51, type=TICK, goalsHome=1, goalsAway=0, message=Minuto 51]
[2025-09-30 00:00:50] INFO  com.cyberfoot.adapters.web.MatchController - [PLAY] Evento SSE: MatchEvent[seq=51, minute=51, type=TICK, goalsHome=3, goalsAway=1, message=Minuto 51]
[2025-09-30 00:00:50] INFO  com.cyberfoot.adapters.web.MatchController - [PLAY] Evento SSE: MatchEvent[seq=52, minute=52, type=TICK, goalsHome=1, goalsAway=0, message=Minuto 52]
[2025-09-30 00:00:50] INFO  com.cyberfoot.adapters.web.MatchController - [PLAY] Evento SSE: MatchEvent[seq=52, minute=52, type=TICK, goalsHome=3, goalsAway=1, message=Minuto 52]
[2025-09-30 00:00:50] INFO  com.cyberfoot.adapters.web.MatchController - [PLAY] Evento SSE: MatchEvent[seq=52, minute=52, type=TICK, goalsHome=1, goalsAway=0, message=Minuto 52]
[2025-09-30 00:00:50] INFO  com.cyberfoot.adapters.web.MatchController - [PLAY] Evento SSE: MatchEvent[seq=52, minute=52, type=TICK, goalsHome=3, goalsAway=1, message=Minuto 52]
[2025-09-30 00:00:50] INFO  com.cyberfoot.adapters.web.MatchController - [PLAY] Evento SSE: MatchEvent[seq=52, minute=52, type=TICK, goalsHome=2, goalsAway=2, message=Minuto 52]
[2025-09-30 00:00:50] INFO  com.cyberfoot.adapters.web.MatchController - [PLAY] Evento SSE: MatchEvent[seq=53, minute=53, type=TICK, goalsHome=2, goalsAway=2, message=Minuto 53]
[2025-09-30 00:00:50] INFO  com.cyberfoot.adapters.web.MatchController - [PLAY] Evento SSE: MatchEvent[seq=53, minute=53, type=GOAL, goalsHome=4, goalsAway=1, message=Gol local! 4-1]
[2025-09-30 00:00:50] INFO  com.cyberfoot.adapters.web.MatchController - [PLAY] Evento SSE: MatchEvent[seq=53, minute=53, type=TICK, goalsHome=3, goalsAway=1, message=Minuto 53]
[2025-09-30 00:00:50] INFO  com.cyberfoot.adapters.web.MatchController - [PLAY] Evento SSE: MatchEvent[seq=53, minute=53, type=TICK, goalsHome=1, goalsAway=0, message=Minuto 53]
[2025-09-30 00:00:50] INFO  com.cyberfoot.adapters.web.MatchController - [PLAY] Evento SSE: MatchEvent[seq=53, minute=53, type=TICK, goalsHome=1, goalsAway=0, message=Minuto 53]
[2025-09-30 00:00:50] INFO  com.cyberfoot.adapters.web.MatchController - [PLAY] Evento SSE: MatchEvent[seq=54, minute=54, type=TICK, goalsHome=1, goalsAway=0, message=Minuto 54]
[2025-09-30 00:00:50] INFO  com.cyberfoot.adapters.web.MatchController - [PLAY] Evento SSE: MatchEvent[seq=54, minute=54, type=TICK, goalsHome=1, goalsAway=0, message=Minuto 54]
[2025-09-30 00:00:50] INFO  com.cyberfoot.adapters.web.MatchController - [PLAY] Evento SSE: MatchEvent[seq=54, minute=54, type=TICK, goalsHome=4, goalsAway=1, message=Minuto 54]
[2025-09-30 00:00:50] INFO  com.cyberfoot.adapters.web.MatchController - [PLAY] Evento SSE: MatchEvent[seq=54, minute=54, type=TICK, goalsHome=2, goalsAway=2, message=Minuto 54]
[2025-09-30 00:00:50] INFO  com.cyberfoot.adapters.web.MatchController - [PLAY] Evento SSE: MatchEvent[seq=54, minute=54, type=TICK, goalsHome=3, goalsAway=1, message=Minuto 54]
[2025-09-30 00:00:50] INFO  com.cyberfoot.adapters.web.MatchController - [PLAY] Evento SSE: MatchEvent[seq=55, minute=55, type=TICK, goalsHome=4, goalsAway=1, message=Minuto 55]
[2025-09-30 00:00:50] INFO  com.cyberfoot.adapters.web.MatchController - [PLAY] Evento SSE: MatchEvent[seq=55, minute=55, type=TICK, goalsHome=2, goalsAway=2, message=Minuto 55]
[2025-09-30 00:00:50] INFO  com.cyberfoot.adapters.web.MatchController - [PLAY] Evento SSE: MatchEvent[seq=55, minute=55, type=TICK, goalsHome=1, goalsAway=0, message=Minuto 55]
[2025-09-30 00:00:50] INFO  com.cyberfoot.adapters.web.MatchController - [PLAY] Evento SSE: MatchEvent[seq=55, minute=55, type=TICK, goalsHome=1, goalsAway=0, message=Minuto 55]
[2025-09-30 00:00:50] INFO  com.cyberfoot.adapters.web.MatchController - [PLAY] Evento SSE: MatchEvent[seq=55, minute=55, type=TICK, goalsHome=3, goalsAway=1, message=Minuto 55]
[2025-09-30 00:00:50] INFO  com.cyberfoot.adapters.web.MatchController - [PLAY] Evento SSE: MatchEvent[seq=56, minute=56, type=TICK, goalsHome=2, goalsAway=2, message=Minuto 56]
[2025-09-30 00:00:50] INFO  com.cyberfoot.adapters.web.MatchController - [PLAY] Evento SSE: MatchEvent[seq=56, minute=56, type=TICK, goalsHome=1, goalsAway=0, message=Minuto 56]
[2025-09-30 00:00:50] INFO  com.cyberfoot.adapters.web.MatchController - [PLAY] Evento SSE: MatchEvent[seq=56, minute=56, type=TICK, goalsHome=4, goalsAway=1, message=Minuto 56]
[2025-09-30 00:00:50] INFO  com.cyberfoot.adapters.web.MatchController - [PLAY] Evento SSE: MatchEvent[seq=56, minute=56, type=TICK, goalsHome=3, goalsAway=1, message=Minuto 56]
[2025-09-30 00:00:50] INFO  com.cyberfoot.adapters.web.MatchController - [PLAY] Evento SSE: MatchEvent[seq=56, minute=56, type=TICK, goalsHome=1, goalsAway=0, message=Minuto 56]
[2025-09-30 00:00:50] INFO  com.cyberfoot.adapters.web.MatchController - [PLAY] Evento SSE: MatchEvent[seq=57, minute=57, type=TICK, goalsHome=3, goalsAway=1, message=Minuto 57]
[2025-09-30 00:00:50] INFO  com.cyberfoot.adapters.web.MatchController - [PLAY] Evento SSE: MatchEvent[seq=57, minute=57, type=TICK, goalsHome=2, goalsAway=2, message=Minuto 57]
[2025-09-30 00:00:50] INFO  com.cyberfoot.adapters.web.MatchController - [PLAY] Evento SSE: MatchEvent[seq=57, minute=57, type=TICK, goalsHome=4, goalsAway=1, message=Minuto 57]
[2025-09-30 00:00:50] INFO  com.cyberfoot.adapters.web.MatchController - [PLAY] Evento SSE: MatchEvent[seq=57, minute=57, type=TICK, goalsHome=1, goalsAway=0, message=Minuto 57]
[2025-09-30 00:00:50] INFO  com.cyberfoot.adapters.web.MatchController - [PLAY] Evento SSE: MatchEvent[seq=57, minute=57, type=TICK, goalsHome=1, goalsAway=0, message=Minuto 57]
[2025-09-30 00:00:50] INFO  com.cyberfoot.adapters.web.MatchController - [PLAY] Evento SSE: MatchEvent[seq=58, minute=58, type=TICK, goalsHome=4, goalsAway=1, message=Minuto 58]
[2025-09-30 00:00:50] INFO  com.cyberfoot.adapters.web.MatchController - [PLAY] Evento SSE: MatchEvent[seq=58, minute=58, type=TICK, goalsHome=2, goalsAway=2, message=Minuto 58]
[2025-09-30 00:00:50] INFO  com.cyberfoot.adapters.web.MatchController - [PLAY] Evento SSE: MatchEvent[seq=58, minute=58, type=TICK, goalsHome=1, goalsAway=0, message=Minuto 58]
[2025-09-30 00:00:50] INFO  com.cyberfoot.adapters.web.MatchController - [PLAY] Evento SSE: MatchEvent[seq=58, minute=58, type=TICK, goalsHome=3, goalsAway=1, message=Minuto 58]
[2025-09-30 00:00:50] INFO  com.cyberfoot.adapters.web.MatchController - [PLAY] Evento SSE: MatchEvent[seq=58, minute=58, type=TICK, goalsHome=1, goalsAway=0, message=Minuto 58]
[2025-09-30 00:00:51] INFO  com.cyberfoot.adapters.web.MatchController - [PLAY] Evento SSE: MatchEvent[seq=59, minute=59, type=TICK, goalsHome=1, goalsAway=0, message=Minuto 59]
[2025-09-30 00:00:51] INFO  com.cyberfoot.adapters.web.MatchController - [PLAY] Evento SSE: MatchEvent[seq=59, minute=59, type=TICK, goalsHome=3, goalsAway=1, message=Minuto 59]
[2025-09-30 00:00:51] INFO  com.cyberfoot.adapters.web.MatchController - [PLAY] Evento SSE: MatchEvent[seq=59, minute=59, type=TICK, goalsHome=1, goalsAway=0, message=Minuto 59]
[2025-09-30 00:00:51] INFO  com.cyberfoot.adapters.web.MatchController - [PLAY] Evento SSE: MatchEvent[seq=59, minute=59, type=TICK, goalsHome=4, goalsAway=1, message=Minuto 59]
[2025-09-30 00:00:51] INFO  com.cyberfoot.adapters.web.MatchController - [PLAY] Evento SSE: MatchEvent[seq=59, minute=59, type=TICK, goalsHome=2, goalsAway=2, message=Minuto 59]
[2025-09-30 00:00:51] INFO  com.cyberfoot.adapters.web.MatchController - [PLAY] Evento SSE: MatchEvent[seq=60, minute=60, type=TICK, goalsHome=4, goalsAway=1, message=Minuto 60]
[2025-09-30 00:00:51] INFO  com.cyberfoot.adapters.web.MatchController - [PLAY] Evento SSE: MatchEvent[seq=60, minute=60, type=TICK, goalsHome=2, goalsAway=2, message=Minuto 60]
[2025-09-30 00:00:51] INFO  com.cyberfoot.adapters.web.MatchController - [PLAY] Evento SSE: MatchEvent[seq=60, minute=60, type=TICK, goalsHome=1, goalsAway=0, message=Minuto 60]
[2025-09-30 00:00:51] INFO  com.cyberfoot.adapters.web.MatchController - [PLAY] Evento SSE: MatchEvent[seq=60, minute=60, type=TICK, goalsHome=1, goalsAway=0, message=Minuto 60]
[2025-09-30 00:00:51] INFO  com.cyberfoot.adapters.web.MatchController - [PLAY] Evento SSE: MatchEvent[seq=60, minute=60, type=TICK, goalsHome=3, goalsAway=1, message=Minuto 60]
[2025-09-30 00:00:51] INFO  com.cyberfoot.adapters.web.MatchController - [PLAY] Evento SSE: MatchEvent[seq=61, minute=61, type=TICK, goalsHome=3, goalsAway=1, message=Minuto 61]
[2025-09-30 00:00:51] INFO  com.cyberfoot.adapters.web.MatchController - [PLAY] Evento SSE: MatchEvent[seq=61, minute=61, type=TICK, goalsHome=2, goalsAway=2, message=Minuto 61]
[2025-09-30 00:00:51] INFO  com.cyberfoot.adapters.web.MatchController - [PLAY] Evento SSE: MatchEvent[seq=61, minute=61, type=TICK, goalsHome=4, goalsAway=1, message=Minuto 61]
[2025-09-30 00:00:51] INFO  com.cyberfoot.adapters.web.MatchController - [PLAY] Evento SSE: MatchEvent[seq=61, minute=61, type=TICK, goalsHome=1, goalsAway=0, message=Minuto 61]
[2025-09-30 00:00:51] INFO  com.cyberfoot.adapters.web.MatchController - [PLAY] Evento SSE: MatchEvent[seq=61, minute=61, type=TICK, goalsHome=1, goalsAway=0, message=Minuto 61]
[2025-09-30 00:00:51] INFO  com.cyberfoot.adapters.web.MatchController - [PLAY] Evento SSE: MatchEvent[seq=62, minute=62, type=TICK, goalsHome=4, goalsAway=1, message=Minuto 62]
[2025-09-30 00:00:51] INFO  com.cyberfoot.adapters.web.MatchController - [PLAY] Evento SSE: MatchEvent[seq=62, minute=62, type=TICK, goalsHome=2, goalsAway=2, message=Minuto 62]
[2025-09-30 00:00:51] INFO  com.cyberfoot.adapters.web.MatchController - [PLAY] Evento SSE: MatchEvent[seq=62, minute=62, type=TICK, goalsHome=3, goalsAway=1, message=Minuto 62]
[2025-09-30 00:00:51] INFO  com.cyberfoot.adapters.web.MatchController - [PLAY] Evento SSE: MatchEvent[seq=62, minute=62, type=TICK, goalsHome=1, goalsAway=0, message=Minuto 62]
[2025-09-30 00:00:51] INFO  com.cyberfoot.adapters.web.MatchController - [PLAY] Evento SSE: MatchEvent[seq=62, minute=62, type=GOAL, goalsHome=1, goalsAway=1, message=Gol visitante! 1-1]
[2025-09-30 00:00:51] INFO  com.cyberfoot.adapters.web.MatchController - [PLAY] Evento SSE: MatchEvent[seq=63, minute=63, type=TICK, goalsHome=1, goalsAway=0, message=Minuto 63]
[2025-09-30 00:00:51] INFO  com.cyberfoot.adapters.web.MatchController - [PLAY] Evento SSE: MatchEvent[seq=63, minute=63, type=TICK, goalsHome=2, goalsAway=2, message=Minuto 63]
[2025-09-30 00:00:51] INFO  com.cyberfoot.adapters.web.MatchController - [PLAY] Evento SSE: MatchEvent[seq=63, minute=63, type=TICK, goalsHome=1, goalsAway=1, message=Minuto 63]
[2025-09-30 00:00:51] INFO  com.cyberfoot.adapters.web.MatchController - [PLAY] Evento SSE: MatchEvent[seq=63, minute=63, type=TICK, goalsHome=3, goalsAway=1, message=Minuto 63]
[2025-09-30 00:00:51] INFO  com.cyberfoot.adapters.web.MatchController - [PLAY] Evento SSE: MatchEvent[seq=63, minute=63, type=TICK, goalsHome=4, goalsAway=1, message=Minuto 63]
[2025-09-30 00:00:51] INFO  com.cyberfoot.adapters.web.MatchController - [PLAY] Evento SSE: MatchEvent[seq=64, minute=64, type=TICK, goalsHome=4, goalsAway=1, message=Minuto 64]
[2025-09-30 00:00:51] INFO  com.cyberfoot.adapters.web.MatchController - [PLAY] Evento SSE: MatchEvent[seq=64, minute=64, type=TICK, goalsHome=1, goalsAway=1, message=Minuto 64]
[2025-09-30 00:00:51] INFO  com.cyberfoot.adapters.web.MatchController - [PLAY] Evento SSE: MatchEvent[seq=64, minute=64, type=GOAL, goalsHome=2, goalsAway=0, message=Gol local! 2-0]
[2025-09-30 00:00:51] INFO  com.cyberfoot.adapters.web.MatchController - [PLAY] Evento SSE: MatchEvent[seq=64, minute=64, type=TICK, goalsHome=3, goalsAway=1, message=Minuto 64]
[2025-09-30 00:00:51] INFO  com.cyberfoot.adapters.web.MatchController - [PLAY] Evento SSE: MatchEvent[seq=64, minute=64, type=TICK, goalsHome=2, goalsAway=2, message=Minuto 64]
[2025-09-30 00:00:51] INFO  com.cyberfoot.adapters.web.MatchController - [PLAY] Evento SSE: MatchEvent[seq=65, minute=65, type=TICK, goalsHome=4, goalsAway=1, message=Minuto 65]
[2025-09-30 00:00:51] INFO  com.cyberfoot.adapters.web.MatchController - [PLAY] Evento SSE: MatchEvent[seq=65, minute=65, type=TICK, goalsHome=1, goalsAway=1, message=Minuto 65]
[2025-09-30 00:00:51] INFO  com.cyberfoot.adapters.web.MatchController - [PLAY] Evento SSE: MatchEvent[seq=65, minute=65, type=TICK, goalsHome=2, goalsAway=2, message=Minuto 65]
[2025-09-30 00:00:51] INFO  com.cyberfoot.adapters.web.MatchController - [PLAY] Evento SSE: MatchEvent[seq=65, minute=65, type=TICK, goalsHome=3, goalsAway=1, message=Minuto 65]
[2025-09-30 00:00:51] INFO  com.cyberfoot.adapters.web.MatchController - [PLAY] Evento SSE: MatchEvent[seq=65, minute=65, type=TICK, goalsHome=2, goalsAway=0, message=Minuto 65]
[2025-09-30 00:00:51] INFO  com.cyberfoot.adapters.web.MatchController - [PLAY] Evento SSE: MatchEvent[seq=66, minute=66, type=GOAL, goalsHome=3, goalsAway=2, message=Gol visitante! 3-2]
[2025-09-30 00:00:51] INFO  com.cyberfoot.adapters.web.MatchController - [PLAY] Evento SSE: MatchEvent[seq=66, minute=66, type=TICK, goalsHome=4, goalsAway=1, message=Minuto 66]
[2025-09-30 00:00:51] INFO  com.cyberfoot.adapters.web.MatchController - [PLAY] Evento SSE: MatchEvent[seq=66, minute=66, type=TICK, goalsHome=2, goalsAway=0, message=Minuto 66]
[2025-09-30 00:00:51] INFO  com.cyberfoot.adapters.web.MatchController - [PLAY] Evento SSE: MatchEvent[seq=66, minute=66, type=TICK, goalsHome=2, goalsAway=2, message=Minuto 66]
[2025-09-30 00:00:51] INFO  com.cyberfoot.adapters.web.MatchController - [PLAY] Evento SSE: MatchEvent[seq=66, minute=66, type=TICK, goalsHome=1, goalsAway=1, message=Minuto 66]
[2025-09-30 00:00:51] INFO  com.cyberfoot.adapters.web.MatchController - [PLAY] Evento SSE: MatchEvent[seq=67, minute=67, type=GOAL, goalsHome=3, goalsAway=0, message=Gol local! 3-0]
[2025-09-30 00:00:51] INFO  com.cyberfoot.adapters.web.MatchController - [PLAY] Evento SSE: MatchEvent[seq=67, minute=67, type=TICK, goalsHome=2, goalsAway=2, message=Minuto 67]
[2025-09-30 00:00:51] INFO  com.cyberfoot.adapters.web.MatchController - [PLAY] Evento SSE: MatchEvent[seq=67, minute=67, type=TICK, goalsHome=1, goalsAway=1, message=Minuto 67]
[2025-09-30 00:00:51] INFO  com.cyberfoot.adapters.web.MatchController - [PLAY] Evento SSE: MatchEvent[seq=67, minute=67, type=TICK, goalsHome=3, goalsAway=2, message=Minuto 67]
[2025-09-30 00:00:51] INFO  com.cyberfoot.adapters.web.MatchController - [PLAY] Evento SSE: MatchEvent[seq=67, minute=67, type=TICK, goalsHome=4, goalsAway=1, message=Minuto 67]
[2025-09-30 00:00:51] INFO  com.cyberfoot.adapters.web.MatchController - [PLAY] Evento SSE: MatchEvent[seq=68, minute=68, type=TICK, goalsHome=4, goalsAway=1, message=Minuto 68]
[2025-09-30 00:00:51] INFO  com.cyberfoot.adapters.web.MatchController - [PLAY] Evento SSE: MatchEvent[seq=68, minute=68, type=TICK, goalsHome=2, goalsAway=2, message=Minuto 68]
[2025-09-30 00:00:51] INFO  com.cyberfoot.adapters.web.MatchController - [PLAY] Evento SSE: MatchEvent[seq=68, minute=68, type=TICK, goalsHome=3, goalsAway=2, message=Minuto 68]
[2025-09-30 00:00:51] INFO  com.cyberfoot.adapters.web.MatchController - [PLAY] Evento SSE: MatchEvent[seq=68, minute=68, type=TICK, goalsHome=1, goalsAway=1, message=Minuto 68]
[2025-09-30 00:00:51] INFO  com.cyberfoot.adapters.web.MatchController - [PLAY] Evento SSE: MatchEvent[seq=68, minute=68, type=TICK, goalsHome=3, goalsAway=0, message=Minuto 68]
[2025-09-30 00:00:51] INFO  com.cyberfoot.adapters.web.MatchController - [PLAY] Evento SSE: MatchEvent[seq=69, minute=69, type=TICK, goalsHome=2, goalsAway=2, message=Minuto 69]
[2025-09-30 00:00:51] INFO  com.cyberfoot.adapters.web.MatchController - [PLAY] Evento SSE: MatchEvent[seq=69, minute=69, type=TICK, goalsHome=4, goalsAway=1, message=Minuto 69]
[2025-09-30 00:00:51] INFO  com.cyberfoot.adapters.web.MatchController - [PLAY] Evento SSE: MatchEvent[seq=69, minute=69, type=TICK, goalsHome=1, goalsAway=1, message=Minuto 69]
[2025-09-30 00:00:51] INFO  com.cyberfoot.adapters.web.MatchController - [PLAY] Evento SSE: MatchEvent[seq=69, minute=69, type=TICK, goalsHome=3, goalsAway=0, message=Minuto 69]
[2025-09-30 00:00:51] INFO  com.cyberfoot.adapters.web.MatchController - [PLAY] Evento SSE: MatchEvent[seq=69, minute=69, type=TICK, goalsHome=3, goalsAway=2, message=Minuto 69]
[2025-09-30 00:00:51] INFO  com.cyberfoot.adapters.web.MatchController - [PLAY] Evento SSE: MatchEvent[seq=70, minute=70, type=TICK, goalsHome=1, goalsAway=1, message=Minuto 70]
[2025-09-30 00:00:51] INFO  com.cyberfoot.adapters.web.MatchController - [PLAY] Evento SSE: MatchEvent[seq=70, minute=70, type=TICK, goalsHome=3, goalsAway=0, message=Minuto 70]
[2025-09-30 00:00:51] INFO  com.cyberfoot.adapters.web.MatchController - [PLAY] Evento SSE: MatchEvent[seq=70, minute=70, type=TICK, goalsHome=3, goalsAway=2, message=Minuto 70]
[2025-09-30 00:00:51] INFO  com.cyberfoot.adapters.web.MatchController - [PLAY] Evento SSE: MatchEvent[seq=70, minute=70, type=TICK, goalsHome=4, goalsAway=1, message=Minuto 70]
[2025-09-30 00:00:51] INFO  com.cyberfoot.adapters.web.MatchController - [PLAY] Evento SSE: MatchEvent[seq=70, minute=70, type=TICK, goalsHome=2, goalsAway=2, message=Minuto 70]
[2025-09-30 00:00:51] INFO  com.cyberfoot.adapters.web.MatchController - [PLAY] Evento SSE: MatchEvent[seq=71, minute=71, type=TICK, goalsHome=3, goalsAway=0, message=Minuto 71]
[2025-09-30 00:00:51] INFO  com.cyberfoot.adapters.web.MatchController - [PLAY] Evento SSE: MatchEvent[seq=71, minute=71, type=TICK, goalsHome=1, goalsAway=1, message=Minuto 71]
[2025-09-30 00:00:51] INFO  com.cyberfoot.adapters.web.MatchController - [PLAY] Evento SSE: MatchEvent[seq=71, minute=71, type=TICK, goalsHome=2, goalsAway=2, message=Minuto 71]
[2025-09-30 00:00:51] INFO  com.cyberfoot.adapters.web.MatchController - [PLAY] Evento SSE: MatchEvent[seq=71, minute=71, type=TICK, goalsHome=4, goalsAway=1, message=Minuto 71]
[2025-09-30 00:00:51] INFO  com.cyberfoot.adapters.web.MatchController - [PLAY] Evento SSE: MatchEvent[seq=71, minute=71, type=TICK, goalsHome=3, goalsAway=2, message=Minuto 71]
[2025-09-30 00:00:51] INFO  com.cyberfoot.adapters.web.MatchController - [PLAY] Evento SSE: MatchEvent[seq=72, minute=72, type=TICK, goalsHome=3, goalsAway=0, message=Minuto 72]
[2025-09-30 00:00:51] INFO  com.cyberfoot.adapters.web.MatchController - [PLAY] Evento SSE: MatchEvent[seq=72, minute=72, type=TICK, goalsHome=1, goalsAway=1, message=Minuto 72]
[2025-09-30 00:00:51] INFO  com.cyberfoot.adapters.web.MatchController - [PLAY] Evento SSE: MatchEvent[seq=72, minute=72, type=TICK, goalsHome=4, goalsAway=1, message=Minuto 72]
[2025-09-30 00:00:51] INFO  com.cyberfoot.adapters.web.MatchController - [PLAY] Evento SSE: MatchEvent[seq=72, minute=72, type=GOAL, goalsHome=4, goalsAway=2, message=Gol local! 4-2]
[2025-09-30 00:00:51] INFO  com.cyberfoot.adapters.web.MatchController - [PLAY] Evento SSE: MatchEvent[seq=72, minute=72, type=TICK, goalsHome=2, goalsAway=2, message=Minuto 72]
[2025-09-30 00:00:51] INFO  com.cyberfoot.adapters.web.MatchController - [PLAY] Evento SSE: MatchEvent[seq=73, minute=73, type=TICK, goalsHome=4, goalsAway=1, message=Minuto 73]
[2025-09-30 00:00:51] INFO  com.cyberfoot.adapters.web.MatchController - [PLAY] Evento SSE: MatchEvent[seq=73, minute=73, type=TICK, goalsHome=2, goalsAway=2, message=Minuto 73]
[2025-09-30 00:00:51] INFO  com.cyberfoot.adapters.web.MatchController - [PLAY] Evento SSE: MatchEvent[seq=73, minute=73, type=TICK, goalsHome=3, goalsAway=0, message=Minuto 73]
[2025-09-30 00:00:51] INFO  com.cyberfoot.adapters.web.MatchController - [PLAY] Evento SSE: MatchEvent[seq=73, minute=73, type=TICK, goalsHome=4, goalsAway=2, message=Minuto 73]
[2025-09-30 00:00:51] INFO  com.cyberfoot.adapters.web.MatchController - [PLAY] Evento SSE: MatchEvent[seq=73, minute=73, type=TICK, goalsHome=1, goalsAway=1, message=Minuto 73]
[2025-09-30 00:00:51] INFO  com.cyberfoot.adapters.web.MatchController - [PLAY] Evento SSE: MatchEvent[seq=74, minute=74, type=TICK, goalsHome=3, goalsAway=0, message=Minuto 74]
[2025-09-30 00:00:51] INFO  com.cyberfoot.adapters.web.MatchController - [PLAY] Evento SSE: MatchEvent[seq=74, minute=74, type=TICK, goalsHome=2, goalsAway=2, message=Minuto 74]
[2025-09-30 00:00:51] INFO  com.cyberfoot.adapters.web.MatchController - [PLAY] Evento SSE: MatchEvent[seq=74, minute=74, type=TICK, goalsHome=4, goalsAway=1, message=Minuto 74]
[2025-09-30 00:00:51] INFO  com.cyberfoot.adapters.web.MatchController - [PLAY] Evento SSE: MatchEvent[seq=74, minute=74, type=TICK, goalsHome=1, goalsAway=1, message=Minuto 74]
[2025-09-30 00:00:51] INFO  com.cyberfoot.adapters.web.MatchController - [PLAY] Evento SSE: MatchEvent[seq=74, minute=74, type=TICK, goalsHome=4, goalsAway=2, message=Minuto 74]
[2025-09-30 00:00:52] INFO  com.cyberfoot.adapters.web.MatchController - [PLAY] Evento SSE: MatchEvent[seq=75, minute=75, type=TICK, goalsHome=2, goalsAway=2, message=Minuto 75]
[2025-09-30 00:00:52] INFO  com.cyberfoot.adapters.web.MatchController - [PLAY] Evento SSE: MatchEvent[seq=75, minute=75, type=TICK, goalsHome=1, goalsAway=1, message=Minuto 75]
[2025-09-30 00:00:52] INFO  com.cyberfoot.adapters.web.MatchController - [PLAY] Evento SSE: MatchEvent[seq=75, minute=75, type=TICK, goalsHome=3, goalsAway=0, message=Minuto 75]
[2025-09-30 00:00:52] INFO  com.cyberfoot.adapters.web.MatchController - [PLAY] Evento SSE: MatchEvent[seq=75, minute=75, type=TICK, goalsHome=4, goalsAway=2, message=Minuto 75]
[2025-09-30 00:00:52] INFO  com.cyberfoot.adapters.web.MatchController - [PLAY] Evento SSE: MatchEvent[seq=75, minute=75, type=TICK, goalsHome=4, goalsAway=1, message=Minuto 75]
[2025-09-30 00:00:52] INFO  com.cyberfoot.adapters.web.MatchController - [PLAY] Evento SSE: MatchEvent[seq=76, minute=76, type=TICK, goalsHome=3, goalsAway=0, message=Minuto 76]
[2025-09-30 00:00:52] INFO  com.cyberfoot.adapters.web.MatchController - [PLAY] Evento SSE: MatchEvent[seq=76, minute=76, type=TICK, goalsHome=2, goalsAway=2, message=Minuto 76]
[2025-09-30 00:00:52] INFO  com.cyberfoot.adapters.web.MatchController - [PLAY] Evento SSE: MatchEvent[seq=76, minute=76, type=TICK, goalsHome=4, goalsAway=1, message=Minuto 76]
[2025-09-30 00:00:52] INFO  com.cyberfoot.adapters.web.MatchController - [PLAY] Evento SSE: MatchEvent[seq=76, minute=76, type=TICK, goalsHome=4, goalsAway=2, message=Minuto 76]
[2025-09-30 00:00:52] INFO  com.cyberfoot.adapters.web.MatchController - [PLAY] Evento SSE: MatchEvent[seq=76, minute=76, type=TICK, goalsHome=1, goalsAway=1, message=Minuto 76]
[2025-09-30 00:00:52] INFO  com.cyberfoot.adapters.web.MatchController - [PLAY] Evento SSE: MatchEvent[seq=77, minute=77, type=TICK, goalsHome=3, goalsAway=0, message=Minuto 77]
[2025-09-30 00:00:52] INFO  com.cyberfoot.adapters.web.MatchController - [PLAY] Evento SSE: MatchEvent[seq=77, minute=77, type=TICK, goalsHome=4, goalsAway=2, message=Minuto 77]
[2025-09-30 00:00:52] INFO  com.cyberfoot.adapters.web.MatchController - [PLAY] Evento SSE: MatchEvent[seq=77, minute=77, type=TICK, goalsHome=1, goalsAway=1, message=Minuto 77]
[2025-09-30 00:00:52] INFO  com.cyberfoot.adapters.web.MatchController - [PLAY] Evento SSE: MatchEvent[seq=77, minute=77, type=TICK, goalsHome=4, goalsAway=1, message=Minuto 77]
[2025-09-30 00:00:52] INFO  com.cyberfoot.adapters.web.MatchController - [PLAY] Evento SSE: MatchEvent[seq=77, minute=77, type=TICK, goalsHome=2, goalsAway=2, message=Minuto 77]
[2025-09-30 00:00:52] INFO  com.cyberfoot.adapters.web.MatchController - [PLAY] Evento SSE: MatchEvent[seq=78, minute=78, type=TICK, goalsHome=3, goalsAway=0, message=Minuto 78]
[2025-09-30 00:00:52] INFO  com.cyberfoot.adapters.web.MatchController - [PLAY] Evento SSE: MatchEvent[seq=78, minute=78, type=TICK, goalsHome=1, goalsAway=1, message=Minuto 78]
[2025-09-30 00:00:52] INFO  com.cyberfoot.adapters.web.MatchController - [PLAY] Evento SSE: MatchEvent[seq=78, minute=78, type=TICK, goalsHome=4, goalsAway=1, message=Minuto 78]
[2025-09-30 00:00:52] INFO  com.cyberfoot.adapters.web.MatchController - [PLAY] Evento SSE: MatchEvent[seq=78, minute=78, type=TICK, goalsHome=2, goalsAway=2, message=Minuto 78]
[2025-09-30 00:00:52] INFO  com.cyberfoot.adapters.web.MatchController - [PLAY] Evento SSE: MatchEvent[seq=78, minute=78, type=TICK, goalsHome=4, goalsAway=2, message=Minuto 78]
[2025-09-30 00:00:52] INFO  com.cyberfoot.adapters.web.MatchController - [PLAY] Evento SSE: MatchEvent[seq=79, minute=79, type=TICK, goalsHome=4, goalsAway=1, message=Minuto 79]
[2025-09-30 00:00:52] INFO  com.cyberfoot.adapters.web.MatchController - [PLAY] Evento SSE: MatchEvent[seq=79, minute=79, type=TICK, goalsHome=1, goalsAway=1, message=Minuto 79]
[2025-09-30 00:00:52] INFO  com.cyberfoot.adapters.web.MatchController - [PLAY] Evento SSE: MatchEvent[seq=79, minute=79, type=TICK, goalsHome=4, goalsAway=2, message=Minuto 79]
[2025-09-30 00:00:52] INFO  com.cyberfoot.adapters.web.MatchController - [PLAY] Evento SSE: MatchEvent[seq=79, minute=79, type=TICK, goalsHome=2, goalsAway=2, message=Minuto 79]
[2025-09-30 00:00:52] INFO  com.cyberfoot.adapters.web.MatchController - [PLAY] Evento SSE: MatchEvent[seq=79, minute=79, type=TICK, goalsHome=3, goalsAway=0, message=Minuto 79]
[2025-09-30 00:00:52] INFO  com.cyberfoot.adapters.web.MatchController - [PLAY] Evento SSE: MatchEvent[seq=80, minute=80, type=TICK, goalsHome=1, goalsAway=1, message=Minuto 80]
[2025-09-30 00:00:52] INFO  com.cyberfoot.adapters.web.MatchController - [PLAY] Evento SSE: MatchEvent[seq=80, minute=80, type=TICK, goalsHome=2, goalsAway=2, message=Minuto 80]
[2025-09-30 00:00:52] INFO  com.cyberfoot.adapters.web.MatchController - [PLAY] Evento SSE: MatchEvent[seq=80, minute=80, type=TICK, goalsHome=4, goalsAway=2, message=Minuto 80]
[2025-09-30 00:00:52] INFO  com.cyberfoot.adapters.web.MatchController - [PLAY] Evento SSE: MatchEvent[seq=80, minute=80, type=TICK, goalsHome=3, goalsAway=0, message=Minuto 80]
[2025-09-30 00:00:52] INFO  com.cyberfoot.adapters.web.MatchController - [PLAY] Evento SSE: MatchEvent[seq=80, minute=80, type=TICK, goalsHome=4, goalsAway=1, message=Minuto 80]
[2025-09-30 00:00:52] INFO  com.cyberfoot.adapters.web.MatchController - [PLAY] Evento SSE: MatchEvent[seq=81, minute=81, type=TICK, goalsHome=3, goalsAway=0, message=Minuto 81]
[2025-09-30 00:00:52] INFO  com.cyberfoot.adapters.web.MatchController - [PLAY] Evento SSE: MatchEvent[seq=81, minute=81, type=TICK, goalsHome=4, goalsAway=1, message=Minuto 81]
[2025-09-30 00:00:52] INFO  com.cyberfoot.adapters.web.MatchController - [PLAY] Evento SSE: MatchEvent[seq=81, minute=81, type=TICK, goalsHome=4, goalsAway=2, message=Minuto 81]
[2025-09-30 00:00:52] INFO  com.cyberfoot.adapters.web.MatchController - [PLAY] Evento SSE: MatchEvent[seq=81, minute=81, type=TICK, goalsHome=1, goalsAway=1, message=Minuto 81]
[2025-09-30 00:00:52] INFO  com.cyberfoot.adapters.web.MatchController - [PLAY] Evento SSE: MatchEvent[seq=81, minute=81, type=TICK, goalsHome=2, goalsAway=2, message=Minuto 81]
[2025-09-30 00:00:52] INFO  com.cyberfoot.adapters.web.MatchController - [PLAY] Evento SSE: MatchEvent[seq=82, minute=82, type=TICK, goalsHome=1, goalsAway=1, message=Minuto 82]
[2025-09-30 00:00:52] INFO  com.cyberfoot.adapters.web.MatchController - [PLAY] Evento SSE: MatchEvent[seq=82, minute=82, type=GOAL, goalsHome=5, goalsAway=2, message=Gol local! 5-2]
[2025-09-30 00:00:52] INFO  com.cyberfoot.adapters.web.MatchController - [PLAY] Evento SSE: MatchEvent[seq=82, minute=82, type=TICK, goalsHome=2, goalsAway=2, message=Minuto 82]
[2025-09-30 00:00:52] INFO  com.cyberfoot.adapters.web.MatchController - [PLAY] Evento SSE: MatchEvent[seq=82, minute=82, type=TICK, goalsHome=4, goalsAway=1, message=Minuto 82]
[2025-09-30 00:00:52] INFO  com.cyberfoot.adapters.web.MatchController - [PLAY] Evento SSE: MatchEvent[seq=82, minute=82, type=TICK, goalsHome=3, goalsAway=0, message=Minuto 82]
[2025-09-30 00:00:52] INFO  com.cyberfoot.adapters.web.MatchController - [PLAY] Evento SSE: MatchEvent[seq=83, minute=83, type=TICK, goalsHome=2, goalsAway=2, message=Minuto 83]
[2025-09-30 00:00:52] INFO  com.cyberfoot.adapters.web.MatchController - [PLAY] Evento SSE: MatchEvent[seq=83, minute=83, type=GOAL, goalsHome=6, goalsAway=2, message=Gol local! 6-2]
[2025-09-30 00:00:52] INFO  com.cyberfoot.adapters.web.MatchController - [PLAY] Evento SSE: MatchEvent[seq=83, minute=83, type=TICK, goalsHome=1, goalsAway=1, message=Minuto 83]
[2025-09-30 00:00:52] INFO  com.cyberfoot.adapters.web.MatchController - [PLAY] Evento SSE: MatchEvent[seq=83, minute=83, type=TICK, goalsHome=4, goalsAway=1, message=Minuto 83]
[2025-09-30 00:00:52] INFO  com.cyberfoot.adapters.web.MatchController - [PLAY] Evento SSE: MatchEvent[seq=83, minute=83, type=TICK, goalsHome=3, goalsAway=0, message=Minuto 83]
[2025-09-30 00:00:52] INFO  com.cyberfoot.adapters.web.MatchController - [PLAY] Evento SSE: MatchEvent[seq=84, minute=84, type=TICK, goalsHome=1, goalsAway=1, message=Minuto 84]
[2025-09-30 00:00:52] INFO  com.cyberfoot.adapters.web.MatchController - [PLAY] Evento SSE: MatchEvent[seq=84, minute=84, type=TICK, goalsHome=2, goalsAway=2, message=Minuto 84]
[2025-09-30 00:00:52] INFO  com.cyberfoot.adapters.web.MatchController - [PLAY] Evento SSE: MatchEvent[seq=84, minute=84, type=TICK, goalsHome=4, goalsAway=1, message=Minuto 84]
[2025-09-30 00:00:52] INFO  com.cyberfoot.adapters.web.MatchController - [PLAY] Evento SSE: MatchEvent[seq=84, minute=84, type=TICK, goalsHome=3, goalsAway=0, message=Minuto 84]
[2025-09-30 00:00:52] INFO  com.cyberfoot.adapters.web.MatchController - [PLAY] Evento SSE: MatchEvent[seq=84, minute=84, type=TICK, goalsHome=6, goalsAway=2, message=Minuto 84]
[2025-09-30 00:00:52] INFO  com.cyberfoot.adapters.web.MatchController - [PLAY] Evento SSE: MatchEvent[seq=85, minute=85, type=TICK, goalsHome=1, goalsAway=1, message=Minuto 85]
[2025-09-30 00:00:52] INFO  com.cyberfoot.adapters.web.MatchController - [PLAY] Evento SSE: MatchEvent[seq=85, minute=85, type=TICK, goalsHome=2, goalsAway=2, message=Minuto 85]
[2025-09-30 00:00:52] INFO  com.cyberfoot.adapters.web.MatchController - [PLAY] Evento SSE: MatchEvent[seq=85, minute=85, type=TICK, goalsHome=4, goalsAway=1, message=Minuto 85]
[2025-09-30 00:00:52] INFO  com.cyberfoot.adapters.web.MatchController - [PLAY] Evento SSE: MatchEvent[seq=85, minute=85, type=GOAL, goalsHome=7, goalsAway=2, message=Gol local! 7-2]
[2025-09-30 00:00:52] INFO  com.cyberfoot.adapters.web.MatchController - [PLAY] Evento SSE: MatchEvent[seq=85, minute=85, type=TICK, goalsHome=3, goalsAway=0, message=Minuto 85]
[2025-09-30 00:00:52] INFO  com.cyberfoot.adapters.web.MatchController - [PLAY] Evento SSE: MatchEvent[seq=86, minute=86, type=TICK, goalsHome=3, goalsAway=0, message=Minuto 86]
[2025-09-30 00:00:52] INFO  com.cyberfoot.adapters.web.MatchController - [PLAY] Evento SSE: MatchEvent[seq=86, minute=86, type=TICK, goalsHome=4, goalsAway=1, message=Minuto 86]
[2025-09-30 00:00:52] INFO  com.cyberfoot.adapters.web.MatchController - [PLAY] Evento SSE: MatchEvent[seq=86, minute=86, type=TICK, goalsHome=1, goalsAway=1, message=Minuto 86]
[2025-09-30 00:00:52] INFO  com.cyberfoot.adapters.web.MatchController - [PLAY] Evento SSE: MatchEvent[seq=86, minute=86, type=TICK, goalsHome=7, goalsAway=2, message=Minuto 86]
[2025-09-30 00:00:52] INFO  com.cyberfoot.adapters.web.MatchController - [PLAY] Evento SSE: MatchEvent[seq=86, minute=86, type=TICK, goalsHome=2, goalsAway=2, message=Minuto 86]
[2025-09-30 00:00:52] INFO  com.cyberfoot.adapters.web.MatchController - [PLAY] Evento SSE: MatchEvent[seq=87, minute=87, type=TICK, goalsHome=7, goalsAway=2, message=Minuto 87]
[2025-09-30 00:00:52] INFO  com.cyberfoot.adapters.web.MatchController - [PLAY] Evento SSE: MatchEvent[seq=87, minute=87, type=TICK, goalsHome=2, goalsAway=2, message=Minuto 87]
[2025-09-30 00:00:52] INFO  com.cyberfoot.adapters.web.MatchController - [PLAY] Evento SSE: MatchEvent[seq=87, minute=87, type=TICK, goalsHome=4, goalsAway=1, message=Minuto 87]
[2025-09-30 00:00:52] INFO  com.cyberfoot.adapters.web.MatchController - [PLAY] Evento SSE: MatchEvent[seq=87, minute=87, type=TICK, goalsHome=1, goalsAway=1, message=Minuto 87]
[2025-09-30 00:00:52] INFO  com.cyberfoot.adapters.web.MatchController - [PLAY] Evento SSE: MatchEvent[seq=87, minute=87, type=TICK, goalsHome=3, goalsAway=0, message=Minuto 87]
[2025-09-30 00:00:52] INFO  com.cyberfoot.adapters.web.MatchController - [PLAY] Evento SSE: MatchEvent[seq=88, minute=88, type=TICK, goalsHome=4, goalsAway=1, message=Minuto 88]
[2025-09-30 00:00:52] INFO  com.cyberfoot.adapters.web.MatchController - [PLAY] Evento SSE: MatchEvent[seq=88, minute=88, type=TICK, goalsHome=1, goalsAway=1, message=Minuto 88]
[2025-09-30 00:00:52] INFO  com.cyberfoot.adapters.web.MatchController - [PLAY] Evento SSE: MatchEvent[seq=88, minute=88, type=TICK, goalsHome=2, goalsAway=2, message=Minuto 88]
[2025-09-30 00:00:52] INFO  com.cyberfoot.adapters.web.MatchController - [PLAY] Evento SSE: MatchEvent[seq=88, minute=88, type=TICK, goalsHome=7, goalsAway=2, message=Minuto 88]
[2025-09-30 00:00:52] INFO  com.cyberfoot.adapters.web.MatchController - [PLAY] Evento SSE: MatchEvent[seq=88, minute=88, type=TICK, goalsHome=3, goalsAway=0, message=Minuto 88]
[2025-09-30 00:00:52] INFO  com.cyberfoot.adapters.web.MatchController - [PLAY] Evento SSE: MatchEvent[seq=89, minute=89, type=TICK, goalsHome=4, goalsAway=1, message=Minuto 89]
[2025-09-30 00:00:52] INFO  com.cyberfoot.adapters.web.MatchController - [PLAY] Evento SSE: MatchEvent[seq=89, minute=89, type=TICK, goalsHome=1, goalsAway=1, message=Minuto 89]
[2025-09-30 00:00:52] INFO  com.cyberfoot.adapters.web.MatchController - [PLAY] Evento SSE: MatchEvent[seq=89, minute=89, type=TICK, goalsHome=2, goalsAway=2, message=Minuto 89]
[2025-09-30 00:00:52] INFO  com.cyberfoot.adapters.web.MatchController - [PLAY] Evento SSE: MatchEvent[seq=89, minute=89, type=TICK, goalsHome=7, goalsAway=2, message=Minuto 89]
[2025-09-30 00:00:52] INFO  com.cyberfoot.adapters.web.MatchController - [PLAY] Evento SSE: MatchEvent[seq=89, minute=89, type=TICK, goalsHome=3, goalsAway=0, message=Minuto 89]
[2025-09-30 00:00:52] INFO  com.cyberfoot.adapters.web.MatchController - [PLAY] Evento SSE: MatchEvent[seq=90, minute=90, type=TICK, goalsHome=4, goalsAway=1, message=Minuto 90]
[2025-09-30 00:00:52] INFO  com.cyberfoot.adapters.web.MatchController - [PLAY] Evento SSE: MatchEvent[seq=90, minute=90, type=TICK, goalsHome=7, goalsAway=2, message=Minuto 90]
[2025-09-30 00:00:52] INFO  com.cyberfoot.adapters.web.MatchController - [PLAY] Evento SSE: MatchEvent[seq=90, minute=90, type=TICK, goalsHome=3, goalsAway=0, message=Minuto 90]
[2025-09-30 00:00:52] INFO  com.cyberfoot.adapters.web.MatchController - [PLAY] Evento SSE: MatchEvent[seq=90, minute=90, type=TICK, goalsHome=2, goalsAway=2, message=Minuto 90]
[2025-09-30 00:00:52] INFO  com.cyberfoot.adapters.web.MatchController - [PLAY] Evento SSE: MatchEvent[seq=90, minute=90, type=TICK, goalsHome=1, goalsAway=1, message=Minuto 90]
[2025-09-30 00:00:52] INFO  com.cyberfoot.adapters.web.MatchController - [PLAY] Evento SSE: MatchEvent[seq=91, minute=90, type=END, goalsHome=4, goalsAway=1, message=Finalizado]
[2025-09-30 00:00:52] INFO  com.cyberfoot.adapters.web.MatchController - [PLAY] Evento SSE: MatchEvent[seq=91, minute=90, type=END, goalsHome=3, goalsAway=0, message=Finalizado]
[2025-09-30 00:00:52] INFO  com.cyberfoot.adapters.web.MatchController - [PLAY] Simulación SSE completada para fixtureId: 1c5da22f-e702-4698-9743-72ac22bd4f33
[2025-09-30 00:00:52] INFO  com.cyberfoot.adapters.web.MatchController - [PLAY] Evento SSE: MatchEvent[seq=91, minute=90, type=END, goalsHome=2, goalsAway=2, message=Finalizado]
[2025-09-30 00:00:52] INFO  com.cyberfoot.adapters.web.MatchController - [PLAY] Evento SSE: MatchEvent[seq=91, minute=90, type=END, goalsHome=7, goalsAway=2, message=Finalizado]
[2025-09-30 00:00:52] INFO  com.cyberfoot.adapters.web.MatchController - [PLAY] Evento SSE: MatchEvent[seq=91, minute=90, type=END, goalsHome=1, goalsAway=1, message=Finalizado]
[2025-09-30 00:00:52] INFO  com.cyberfoot.adapters.web.MatchController - [PLAY] Simulación SSE completada para fixtureId: 92215fbd-2d7f-422e-8a80-2bcf56d5e0a4
[2025-09-30 00:00:52] INFO  com.cyberfoot.adapters.web.MatchController - [PLAY] Simulación SSE completada para fixtureId: 936e0327-08f5-438d-be74-558e640c169b
[2025-09-30 00:00:52] INFO  com.cyberfoot.adapters.web.MatchController - [PLAY] Simulación SSE completada para fixtureId: fd6a8e4b-29ff-4714-99f4-b7816e19dee7
[2025-09-30 00:00:52] INFO  com.cyberfoot.adapters.web.MatchController - [PLAY] Simulación SSE completada para fixtureId: 8ec50e4b-5ba5-4253-a52c-602fcfac35f9
